2025-02-27T04:40:27.257+0800 INFO kafka/kafka.go:44 consumer start,topic:{msg-route msg-route-group}
2025-02-27T04:41:03.513+0800 DEBUG kafka/kafka.go:85 d543af5335f2984bbbbd707e66090606 consume message msg-route input:{"id":"cuvnone1a37tb17knf90", "count":1, "message":{"messageId":"cuvnone1a37tb17knf90", "appId":"19860220", "userId":"1200121", "convId":"1-1", "to":"1200120", "sequence":"100", "flow":1, "needAck":1, "cTime":"1740602461434", "cType":"TEXT", "textContent":{"text":"111"}}}
2025-02-27T04:41:03.513+0800 DEBUG router/message_router.go:56 receive userIds: [1200120]
2025-02-27T04:41:03.515+0800 DEBUG router/message_router.go:76 online users: 1
2025-02-27T04:41:03.515+0800 DEBUG router/message_router.go:77 offline users: 0
2025-02-27T04:41:03.515+0800 DEBUG router/message_router.go:88 online brokers: 1
2025-02-27T04:41:03.515+0800 DEBUG kafka/kafka.go:177 47cfe284813ecf35575141fef051f225 produce message 127.0.0.1-7539 input:{"id":"cuvnone1a37tb17knf90", "count":1, "userLabels":["19860220#1200120#Mobile"], "message":{"messageId":"cuvnone1a37tb17knf90", "appId":"19860220", "userId":"1200121", "convId":"1-1", "to":"1200120", "sequence":"100", "flow":1, "needAck":1, "cTime":"1740602461434", "cType":"TEXT", "textContent":{"text":"111"}}}
2025-02-27T04:41:03.520+0800 DEBUG kafka/kafka.go:177 47cfe284813ecf35575141fef051f225 produce message msg-store input:{"id":"cuvnone1a37tb17knf90", "count":1, "message":{"messageId":"cuvnone1a37tb17knf90", "appId":"19860220", "userId":"1200121", "convId":"1-1", "to":"1200120", "sequence":"100", "flow":1, "needAck":1, "cTime":"1740602461434", "cType":"TEXT", "textContent":{"text":"111"}}}
2025-02-27T04:41:03.520+0800 ERROR kafka/kafka.go:193 47cfe284813ecf35575141fef051f225 produce message msg-store error:[3] Unknown Topic Or Partition: the request is for a topic or partition that does not exist on this broker
2025-02-27T04:41:03.520+0800 DEBUG kafka/kafka.go:177 47cfe284813ecf35575141fef051f225 produce message msg-offline input:{"id":"cuvnone1a37tb17knf90", "count":1, "message":{"messageId":"cuvnone1a37tb17knf90", "appId":"19860220", "userId":"1200121", "convId":"1-1", "to":"1200120", "sequence":"100", "flow":1, "needAck":1, "cTime":"1740602461434", "cType":"TEXT", "textContent":{"text":"111"}}}
2025-02-27T04:41:03.520+0800 ERROR kafka/kafka.go:193 47cfe284813ecf35575141fef051f225 produce message msg-offline error:[3] Unknown Topic Or Partition: the request is for a topic or partition that does not exist on this broker
2025-02-27T04:44:15.457+0800 INFO kafka/kafka.go:44 consumer start,topic:{msg-route msg-route-group}
2025-02-27T04:44:28.796+0800 DEBUG kafka/kafka.go:85 e80e5e3b5db4e05c0a598f9b8ff1ab39 consume message msg-route input:{"id":"cuvnqam1a37tc7jqcka0", "count":1, "message":{"messageId":"cuvnqam1a37tc7jqcka0", "appId":"19860220", "userId":"1200120", "convId":"1-1", "to":"1200121", "sequence":"100", "flow":1, "needAck":1, "cTime":"1740602666759", "cType":"TEXT", "textContent":{"text":"111"}}}
2025-02-27T04:44:28.797+0800 DEBUG router/message_router.go:56 receive userIds: [1200121]
2025-02-27T04:44:28.799+0800 DEBUG router/message_router.go:76 online users: 1
2025-02-27T04:44:28.799+0800 DEBUG router/message_router.go:77 offline users: 0
2025-02-27T04:44:28.799+0800 DEBUG router/message_router.go:88 online brokers: 1
2025-02-27T04:44:28.799+0800 DEBUG kafka/kafka.go:177 08233e26b26a89278705ac598754f5cc produce message 127.0.0.1-7539 input:{"id":"cuvnqam1a37tc7jqcka0", "count":1, "userLabels":["19860220#1200121#Mobile"], "message":{"messageId":"cuvnqam1a37tc7jqcka0", "appId":"19860220", "userId":"1200120", "convId":"1-1", "to":"1200121", "sequence":"100", "flow":1, "needAck":1, "cTime":"1740602666759", "cType":"TEXT", "textContent":{"text":"111"}}}
2025-02-27T04:44:28.803+0800 DEBUG kafka/kafka.go:177 08233e26b26a89278705ac598754f5cc produce message msg-store input:{"id":"cuvnqam1a37tc7jqcka0", "count":1, "message":{"messageId":"cuvnqam1a37tc7jqcka0", "appId":"19860220", "userId":"1200120", "convId":"1-1", "to":"1200121", "sequence":"100", "flow":1, "needAck":1, "cTime":"1740602666759", "cType":"TEXT", "textContent":{"text":"111"}}}
2025-02-27T04:44:28.804+0800 ERROR kafka/kafka.go:193 08233e26b26a89278705ac598754f5cc produce message msg-store error:[3] Unknown Topic Or Partition: the request is for a topic or partition that does not exist on this broker
2025-02-27T04:44:28.804+0800 DEBUG kafka/kafka.go:177 08233e26b26a89278705ac598754f5cc produce message msg-offline input:{"id":"cuvnqam1a37tc7jqcka0", "count":1, "message":{"messageId":"cuvnqam1a37tc7jqcka0", "appId":"19860220", "userId":"1200120", "convId":"1-1", "to":"1200121", "sequence":"100", "flow":1, "needAck":1, "cTime":"1740602666759", "cType":"TEXT", "textContent":{"text":"111"}}}
2025-02-27T04:44:28.804+0800 ERROR kafka/kafka.go:193 08233e26b26a89278705ac598754f5cc produce message msg-offline error:[3] Unknown Topic Or Partition: the request is for a topic or partition that does not exist on this broker
