{"lvl":"DEBUG","t":"2025-04-11 17:16:02","c":"logger/logger_test.go:16","m":"debug1"}
{"lvl":"INFO","t":"2025-04-11 17:16:02","c":"logger/logger_test.go:17","m":"info1"}
{"lvl":"WARN","t":"2025-04-11 17:16:02","c":"logger/logger_test.go:18","m":"warn1"}
{"lvl":"ERROR","t":"2025-04-11 17:16:02","c":"logger/logger_test.go:19","m":"error1"}
{"lvl":"DEBUG","t":"2025-04-11 17:16:02","c":"logger/logger_test.go:21","m":"debug2"}
{"lvl":"INFO","t":"2025-04-11 17:16:02","c":"logger/logger_test.go:22","m":"info2"}
{"lvl":"WARN","t":"2025-04-11 17:16:02","c":"logger/logger_test.go:23","m":"warn2"}
{"lvl":"ERROR","t":"2025-04-11 17:16:02","c":"logger/logger_test.go:24","m":"error2"}
{"lvl":"DEBUG","t":"2025-04-11 17:16:02","c":"logger/logger_test.go:16","m":"debug1"}
{"lvl":"INFO","t":"2025-04-11 17:16:02","c":"logger/logger_test.go:17","m":"info1"}
{"lvl":"WARN","t":"2025-04-11 17:16:02","c":"logger/logger_test.go:18","m":"warn1"}
{"lvl":"ERROR","t":"2025-04-11 17:16:02","c":"logger/logger_test.go:19","m":"error1"}
{"lvl":"DEBUG","t":"2025-04-11 17:16:02","c":"logger/logger_test.go:21","m":"debug2"}
{"lvl":"INFO","t":"2025-04-11 17:16:02","c":"logger/logger_test.go:22","m":"info2"}
{"lvl":"WARN","t":"2025-04-11 17:16:02","c":"logger/logger_test.go:23","m":"warn2"}
{"lvl":"ERROR","t":"2025-04-11 17:16:02","c":"logger/logger_test.go:24","m":"error2"}
{"lvl":"DEBUG","t":"2025-04-11 17:16:02","c":"logger/logger_test.go:16","m":"debug1"}
{"lvl":"INFO","t":"2025-04-11 17:16:02","c":"logger/logger_test.go:17","m":"info1"}
{"lvl":"WARN","t":"2025-04-11 17:16:02","c":"logger/logger_test.go:18","m":"warn1"}
{"lvl":"ERROR","t":"2025-04-11 17:16:02","c":"logger/logger_test.go:19","m":"error1"}
{"lvl":"DEBUG","t":"2025-04-11 17:16:02","c":"logger/logger_test.go:21","m":"debug2"}
{"lvl":"INFO","t":"2025-04-11 17:16:02","c":"logger/logger_test.go:22","m":"info2"}
{"lvl":"WARN","t":"2025-04-11 17:16:02","c":"logger/logger_test.go:23","m":"warn2"}
{"lvl":"ERROR","t":"2025-04-11 17:16:02","c":"logger/logger_test.go:24","m":"error2"}
{"lvl":"DEBUG","t":"2025-04-11 17:18:10","m":"debug1"}
{"lvl":"INFO","t":"2025-04-11 17:18:10","m":"info1"}
{"lvl":"WARN","t":"2025-04-11 17:18:10","m":"warn1"}
{"lvl":"ERROR","t":"2025-04-11 17:18:10","m":"error1"}
{"lvl":"DEBUG","t":"2025-04-11 17:18:10","c":"logger/logger_test.go:21","m":"debug2"}
{"lvl":"INFO","t":"2025-04-11 17:18:10","c":"logger/logger_test.go:22","m":"info2"}
{"lvl":"WARN","t":"2025-04-11 17:18:10","c":"logger/logger_test.go:23","m":"warn2"}
{"lvl":"ERROR","t":"2025-04-11 17:18:10","c":"logger/logger_test.go:24","m":"error2"}
{"lvl":"DEBUG","t":"2025-04-11 17:18:10","m":"debug1"}
{"lvl":"INFO","t":"2025-04-11 17:18:10","m":"info1"}
{"lvl":"WARN","t":"2025-04-11 17:18:10","m":"warn1"}
{"lvl":"ERROR","t":"2025-04-11 17:18:10","m":"error1"}
{"lvl":"DEBUG","t":"2025-04-11 17:18:10","c":"logger/logger_test.go:21","m":"debug2"}
{"lvl":"INFO","t":"2025-04-11 17:18:10","c":"logger/logger_test.go:22","m":"info2"}
{"lvl":"WARN","t":"2025-04-11 17:18:10","c":"logger/logger_test.go:23","m":"warn2"}
{"lvl":"ERROR","t":"2025-04-11 17:18:10","c":"logger/logger_test.go:24","m":"error2"}
{"lvl":"DEBUG","t":"2025-04-11 17:18:10","m":"debug1"}
{"lvl":"INFO","t":"2025-04-11 17:18:10","m":"info1"}
{"lvl":"WARN","t":"2025-04-11 17:18:10","m":"warn1"}
{"lvl":"ERROR","t":"2025-04-11 17:18:10","m":"error1"}
{"lvl":"DEBUG","t":"2025-04-11 17:18:10","c":"logger/logger_test.go:21","m":"debug2"}
{"lvl":"INFO","t":"2025-04-11 17:18:10","c":"logger/logger_test.go:22","m":"info2"}
{"lvl":"WARN","t":"2025-04-11 17:18:10","c":"logger/logger_test.go:23","m":"warn2"}
{"lvl":"ERROR","t":"2025-04-11 17:18:10","c":"logger/logger_test.go:24","m":"error2"}
{"lvl":"DEBUG","t":"2025-04-11 17:18:58","c":"testing/testing.go:1690","m":"debug1"}
{"lvl":"INFO","t":"2025-04-11 17:18:58","c":"testing/testing.go:1690","m":"info1"}
{"lvl":"WARN","t":"2025-04-11 17:18:58","c":"testing/testing.go:1690","m":"warn1"}
{"lvl":"ERROR","t":"2025-04-11 17:18:58","c":"testing/testing.go:1690","m":"error1"}
{"lvl":"DEBUG","t":"2025-04-11 17:18:58","c":"logger/logger_test.go:21","m":"debug2"}
{"lvl":"INFO","t":"2025-04-11 17:18:58","c":"logger/logger_test.go:22","m":"info2"}
{"lvl":"WARN","t":"2025-04-11 17:18:58","c":"logger/logger_test.go:23","m":"warn2"}
{"lvl":"ERROR","t":"2025-04-11 17:18:58","c":"logger/logger_test.go:24","m":"error2"}
{"lvl":"DEBUG","t":"2025-04-11 17:18:58","c":"testing/testing.go:1690","m":"debug1"}
{"lvl":"INFO","t":"2025-04-11 17:18:58","c":"testing/testing.go:1690","m":"info1"}
{"lvl":"WARN","t":"2025-04-11 17:18:58","c":"testing/testing.go:1690","m":"warn1"}
{"lvl":"ERROR","t":"2025-04-11 17:18:58","c":"testing/testing.go:1690","m":"error1"}
{"lvl":"DEBUG","t":"2025-04-11 17:18:58","c":"logger/logger_test.go:21","m":"debug2"}
{"lvl":"INFO","t":"2025-04-11 17:18:58","c":"logger/logger_test.go:22","m":"info2"}
{"lvl":"WARN","t":"2025-04-11 17:18:58","c":"logger/logger_test.go:23","m":"warn2"}
{"lvl":"ERROR","t":"2025-04-11 17:18:58","c":"logger/logger_test.go:24","m":"error2"}
{"lvl":"DEBUG","t":"2025-04-11 17:18:58","c":"testing/testing.go:1690","m":"debug1"}
{"lvl":"INFO","t":"2025-04-11 17:18:58","c":"testing/testing.go:1690","m":"info1"}
{"lvl":"WARN","t":"2025-04-11 17:18:58","c":"testing/testing.go:1690","m":"warn1"}
{"lvl":"ERROR","t":"2025-04-11 17:18:58","c":"testing/testing.go:1690","m":"error1"}
{"lvl":"DEBUG","t":"2025-04-11 17:18:58","c":"logger/logger_test.go:21","m":"debug2"}
{"lvl":"INFO","t":"2025-04-11 17:18:58","c":"logger/logger_test.go:22","m":"info2"}
{"lvl":"WARN","t":"2025-04-11 17:18:58","c":"logger/logger_test.go:23","m":"warn2"}
{"lvl":"ERROR","t":"2025-04-11 17:18:58","c":"logger/logger_test.go:24","m":"error2"}
{"lvl":"DEBUG","t":"2025-04-11 17:19:29","c":"runtime/asm_arm64.s:1223","m":"debug1"}
{"lvl":"INFO","t":"2025-04-11 17:19:29","c":"runtime/asm_arm64.s:1223","m":"info1"}
{"lvl":"WARN","t":"2025-04-11 17:19:29","c":"runtime/asm_arm64.s:1223","m":"warn1"}
{"lvl":"ERROR","t":"2025-04-11 17:19:29","c":"runtime/asm_arm64.s:1223","m":"error1"}
{"lvl":"DEBUG","t":"2025-04-11 17:19:29","c":"testing/testing.go:1690","m":"debug2"}
{"lvl":"INFO","t":"2025-04-11 17:19:29","c":"testing/testing.go:1690","m":"info2"}
{"lvl":"WARN","t":"2025-04-11 17:19:29","c":"testing/testing.go:1690","m":"warn2"}
{"lvl":"ERROR","t":"2025-04-11 17:19:29","c":"testing/testing.go:1690","m":"error2"}
{"lvl":"DEBUG","t":"2025-04-11 17:19:29","c":"runtime/asm_arm64.s:1223","m":"debug1"}
{"lvl":"INFO","t":"2025-04-11 17:19:29","c":"runtime/asm_arm64.s:1223","m":"info1"}
{"lvl":"WARN","t":"2025-04-11 17:19:29","c":"runtime/asm_arm64.s:1223","m":"warn1"}
{"lvl":"ERROR","t":"2025-04-11 17:19:29","c":"runtime/asm_arm64.s:1223","m":"error1"}
{"lvl":"DEBUG","t":"2025-04-11 17:19:29","c":"testing/testing.go:1690","m":"debug2"}
{"lvl":"INFO","t":"2025-04-11 17:19:29","c":"testing/testing.go:1690","m":"info2"}
{"lvl":"WARN","t":"2025-04-11 17:19:29","c":"testing/testing.go:1690","m":"warn2"}
{"lvl":"ERROR","t":"2025-04-11 17:19:29","c":"testing/testing.go:1690","m":"error2"}
{"lvl":"DEBUG","t":"2025-04-11 17:19:29","c":"runtime/asm_arm64.s:1223","m":"debug1"}
{"lvl":"INFO","t":"2025-04-11 17:19:29","c":"runtime/asm_arm64.s:1223","m":"info1"}
{"lvl":"WARN","t":"2025-04-11 17:19:29","c":"runtime/asm_arm64.s:1223","m":"warn1"}
{"lvl":"ERROR","t":"2025-04-11 17:19:29","c":"runtime/asm_arm64.s:1223","m":"error1"}
{"lvl":"DEBUG","t":"2025-04-11 17:19:29","c":"testing/testing.go:1690","m":"debug2"}
{"lvl":"INFO","t":"2025-04-11 17:19:29","c":"testing/testing.go:1690","m":"info2"}
{"lvl":"WARN","t":"2025-04-11 17:19:29","c":"testing/testing.go:1690","m":"warn2"}
{"lvl":"ERROR","t":"2025-04-11 17:19:29","c":"testing/testing.go:1690","m":"error2"}
{"lvl":"DEBUG","t":"2025-04-11 17:20:05","c":"logger/logger_test.go:16","m":"debug1"}
{"lvl":"INFO","t":"2025-04-11 17:20:05","c":"logger/logger_test.go:17","m":"info1"}
{"lvl":"WARN","t":"2025-04-11 17:20:05","c":"logger/logger_test.go:18","m":"warn1"}
{"lvl":"ERROR","t":"2025-04-11 17:20:05","c":"logger/logger_test.go:19","m":"error1"}
{"lvl":"DEBUG","t":"2025-04-11 17:20:05","c":"logger/logger_test.go:21","m":"debug2"}
{"lvl":"INFO","t":"2025-04-11 17:20:05","c":"logger/logger_test.go:22","m":"info2"}
{"lvl":"WARN","t":"2025-04-11 17:20:05","c":"logger/logger_test.go:23","m":"warn2"}
{"lvl":"ERROR","t":"2025-04-11 17:20:05","c":"logger/logger_test.go:24","m":"error2"}
{"lvl":"DEBUG","t":"2025-04-11 17:20:05","c":"logger/logger_test.go:16","m":"debug1"}
{"lvl":"INFO","t":"2025-04-11 17:20:05","c":"logger/logger_test.go:17","m":"info1"}
{"lvl":"WARN","t":"2025-04-11 17:20:05","c":"logger/logger_test.go:18","m":"warn1"}
{"lvl":"ERROR","t":"2025-04-11 17:20:05","c":"logger/logger_test.go:19","m":"error1"}
{"lvl":"DEBUG","t":"2025-04-11 17:20:05","c":"logger/logger_test.go:21","m":"debug2"}
{"lvl":"INFO","t":"2025-04-11 17:20:05","c":"logger/logger_test.go:22","m":"info2"}
{"lvl":"WARN","t":"2025-04-11 17:20:05","c":"logger/logger_test.go:23","m":"warn2"}
{"lvl":"ERROR","t":"2025-04-11 17:20:05","c":"logger/logger_test.go:24","m":"error2"}
{"lvl":"DEBUG","t":"2025-04-11 17:20:05","c":"logger/logger_test.go:16","m":"debug1"}
{"lvl":"INFO","t":"2025-04-11 17:20:05","c":"logger/logger_test.go:17","m":"info1"}
{"lvl":"WARN","t":"2025-04-11 17:20:05","c":"logger/logger_test.go:18","m":"warn1"}
{"lvl":"ERROR","t":"2025-04-11 17:20:05","c":"logger/logger_test.go:19","m":"error1"}
{"lvl":"DEBUG","t":"2025-04-11 17:20:05","c":"logger/logger_test.go:21","m":"debug2"}
{"lvl":"INFO","t":"2025-04-11 17:20:05","c":"logger/logger_test.go:22","m":"info2"}
{"lvl":"WARN","t":"2025-04-11 17:20:05","c":"logger/logger_test.go:23","m":"warn2"}
{"lvl":"ERROR","t":"2025-04-11 17:20:05","c":"logger/logger_test.go:24","m":"error2"}
{"lvl":"DEBUG","t":"2025-04-11 17:21:42","c":"logger/logger_test.go:16","m":"debug1"}
{"lvl":"INFO","t":"2025-04-11 17:21:42","c":"logger/logger_test.go:17","m":"info1"}
{"lvl":"WARN","t":"2025-04-11 17:21:42","c":"logger/logger_test.go:18","m":"warn1"}
{"lvl":"ERROR","t":"2025-04-11 17:21:42","c":"logger/logger_test.go:19","m":"error1"}
{"lvl":"DEBUG","t":"2025-04-11 17:21:42","c":"logger/logger_test.go:21","m":"debug2"}
{"lvl":"INFO","t":"2025-04-11 17:21:42","c":"logger/logger_test.go:22","m":"info2"}
{"lvl":"WARN","t":"2025-04-11 17:21:42","c":"logger/logger_test.go:23","m":"warn2"}
{"lvl":"ERROR","t":"2025-04-11 17:21:42","c":"logger/logger_test.go:24","m":"error2"}
{"lvl":"DEBUG","t":"2025-04-11 17:21:42","c":"logger/logger_test.go:16","m":"debug1"}
{"lvl":"INFO","t":"2025-04-11 17:21:42","c":"logger/logger_test.go:17","m":"info1"}
{"lvl":"WARN","t":"2025-04-11 17:21:42","c":"logger/logger_test.go:18","m":"warn1"}
{"lvl":"ERROR","t":"2025-04-11 17:21:42","c":"logger/logger_test.go:19","m":"error1"}
{"lvl":"DEBUG","t":"2025-04-11 17:21:42","c":"logger/logger_test.go:21","m":"debug2"}
{"lvl":"INFO","t":"2025-04-11 17:21:42","c":"logger/logger_test.go:22","m":"info2"}
{"lvl":"WARN","t":"2025-04-11 17:21:42","c":"logger/logger_test.go:23","m":"warn2"}
{"lvl":"ERROR","t":"2025-04-11 17:21:42","c":"logger/logger_test.go:24","m":"error2"}
{"lvl":"DEBUG","t":"2025-04-11 17:21:42","c":"logger/logger_test.go:16","m":"debug1"}
{"lvl":"INFO","t":"2025-04-11 17:21:42","c":"logger/logger_test.go:17","m":"info1"}
{"lvl":"WARN","t":"2025-04-11 17:21:42","c":"logger/logger_test.go:18","m":"warn1"}
{"lvl":"ERROR","t":"2025-04-11 17:21:42","c":"logger/logger_test.go:19","m":"error1"}
{"lvl":"DEBUG","t":"2025-04-11 17:21:42","c":"logger/logger_test.go:21","m":"debug2"}
{"lvl":"INFO","t":"2025-04-11 17:21:42","c":"logger/logger_test.go:22","m":"info2"}
{"lvl":"WARN","t":"2025-04-11 17:21:42","c":"logger/logger_test.go:23","m":"warn2"}
{"lvl":"ERROR","t":"2025-04-11 17:21:42","c":"logger/logger_test.go:24","m":"error2"}
