2024-12-29T21:56:17.575+0800 INFO %s %s [[sql: expected 18 destination arguments in Scan, not 2] 9f7a8a3a5be491434278c6ddcf9b67d0 ab47f7eada2fdb59]
2024-12-29T21:56:40.988+0800 INFO %s %s [[{100000000001 和光Chat}] e8712e4cf9e6b6e28d9b91c3b33e507d 305d01718473604e]
2024-12-29T21:56:40.989+0800 INFO %s %s [[{100000000002 和光AI绘图}] e8712e4cf9e6b6e28d9b91c3b33e507d 305d01718473604e]
2024-12-29T21:56:40.989+0800 INFO %s %s [[{100000000003 和光故事引擎}] e8712e4cf9e6b6e28d9b91c3b33e507d 305d01718473604e]
2024-12-29T21:56:40.989+0800 INFO %s %s [[{100000000191 高奕}] e8712e4cf9e6b6e28d9b91c3b33e507d 305d01718473604e]
2024-12-29T21:56:40.989+0800 INFO %s %s [[{100000000193 宋江}] e8712e4cf9e6b6e28d9b91c3b33e507d 305d01718473604e]
2024-12-29T21:56:40.989+0800 INFO %s %s [[{100000000194 吴用}] e8712e4cf9e6b6e28d9b91c3b33e507d 305d01718473604e]
2024-12-29T21:56:40.989+0800 INFO %s %s [[{100000000195 晁盖}] e8712e4cf9e6b6e28d9b91c3b33e507d 305d01718473604e]
2024-12-29T21:56:40.989+0800 INFO %s %s [[{100000000196 蒋钦}] e8712e4cf9e6b6e28d9b91c3b33e507d 305d01718473604e]
2024-12-29T21:56:40.989+0800 INFO %s %s [[{100000000197 周泰}] e8712e4cf9e6b6e28d9b91c3b33e507d 305d01718473604e]
2024-12-29T21:56:40.989+0800 INFO %s %s [[{100000000198 吕蒙}] e8712e4cf9e6b6e28d9b91c3b33e507d 305d01718473604e]
2024-12-29T21:56:40.989+0800 INFO %s %s [[{100000000201 荀彧}] e8712e4cf9e6b6e28d9b91c3b33e507d 305d01718473604e]
2024-12-29T21:56:40.989+0800 INFO %s %s [[{100000000202 荀攸}] e8712e4cf9e6b6e28d9b91c3b33e507d 305d01718473604e]
2024-12-29T21:56:40.989+0800 INFO %s %s [[{100000000203 贾诩}] e8712e4cf9e6b6e28d9b91c3b33e507d 305d01718473604e]
2024-12-29T21:56:40.989+0800 INFO %s %s [[{100000000204 郭嘉}] e8712e4cf9e6b6e28d9b91c3b33e507d 305d01718473604e]
2024-12-29T21:56:40.989+0800 INFO %s %s [[{100000000205 周瑜}] e8712e4cf9e6b6e28d9b91c3b33e507d 305d01718473604e]
2024-12-29T21:56:40.989+0800 INFO %s %s [[{100000000206 扭扭捏捏}] e8712e4cf9e6b6e28d9b91c3b33e507d 305d01718473604e]
2024-12-29T21:56:40.989+0800 INFO %s %s [[{100000000207 吞吞吐吐}] e8712e4cf9e6b6e28d9b91c3b33e507d 305d01718473604e]
2024-12-29T21:56:40.989+0800 INFO %s %s [[{100000000208 开心捶捶}] e8712e4cf9e6b6e28d9b91c3b33e507d 305d01718473604e]
2024-12-29T21:56:40.989+0800 INFO %s %s [[sql: Scan error on column index 1, name "nick_name": converting NULL to string is unsupported] e8712e4cf9e6b6e28d9b91c3b33e507d 305d01718473604e]
2024-12-29T22:09:49.585+0800 INFO [[{%!s(int64=100000000001) 和光Chat}] 85eb472bb41e894475c898e943240524 47babb6e7ff7580e] %!s(MISSING) 
2024-12-29T22:09:49.588+0800 INFO [[{%!s(int64=100000000002) 和光AI绘图}] 85eb472bb41e894475c898e943240524 47babb6e7ff7580e] %!s(MISSING) 
2024-12-29T22:09:49.588+0800 INFO [[{%!s(int64=100000000003) 和光故事引擎}] 85eb472bb41e894475c898e943240524 47babb6e7ff7580e] %!s(MISSING) 
2024-12-29T22:09:49.588+0800 INFO [[{%!s(int64=100000000191) 高奕}] 85eb472bb41e894475c898e943240524 47babb6e7ff7580e] %!s(MISSING) 
2024-12-29T22:09:49.588+0800 INFO [[{%!s(int64=100000000193) 宋江}] 85eb472bb41e894475c898e943240524 47babb6e7ff7580e] %!s(MISSING) 
2024-12-29T22:09:49.588+0800 INFO [[{%!s(int64=100000000194) 吴用}] 85eb472bb41e894475c898e943240524 47babb6e7ff7580e] %!s(MISSING) 
2024-12-29T22:09:49.589+0800 INFO [[{%!s(int64=100000000195) 晁盖}] 85eb472bb41e894475c898e943240524 47babb6e7ff7580e] %!s(MISSING) 
2024-12-29T22:09:49.589+0800 INFO [[{%!s(int64=100000000196) 蒋钦}] 85eb472bb41e894475c898e943240524 47babb6e7ff7580e] %!s(MISSING) 
2024-12-29T22:09:49.589+0800 INFO [[{%!s(int64=100000000197) 周泰}] 85eb472bb41e894475c898e943240524 47babb6e7ff7580e] %!s(MISSING) 
2024-12-29T22:09:49.589+0800 INFO [[{%!s(int64=100000000198) 吕蒙}] 85eb472bb41e894475c898e943240524 47babb6e7ff7580e] %!s(MISSING) 
2024-12-29T22:09:49.589+0800 INFO [[{%!s(int64=100000000201) 荀彧}] 85eb472bb41e894475c898e943240524 47babb6e7ff7580e] %!s(MISSING) 
2024-12-29T22:09:49.589+0800 INFO [[{%!s(int64=100000000202) 荀攸}] 85eb472bb41e894475c898e943240524 47babb6e7ff7580e] %!s(MISSING) 
2024-12-29T22:09:49.589+0800 INFO [[{%!s(int64=100000000203) 贾诩}] 85eb472bb41e894475c898e943240524 47babb6e7ff7580e] %!s(MISSING) 
2024-12-29T22:09:49.589+0800 INFO [[{%!s(int64=100000000204) 郭嘉}] 85eb472bb41e894475c898e943240524 47babb6e7ff7580e] %!s(MISSING) 
2024-12-29T22:09:49.589+0800 INFO [[{%!s(int64=100000000205) 周瑜}] 85eb472bb41e894475c898e943240524 47babb6e7ff7580e] %!s(MISSING) 
2024-12-29T22:09:49.589+0800 INFO [[{%!s(int64=100000000206) 扭扭捏捏}] 85eb472bb41e894475c898e943240524 47babb6e7ff7580e] %!s(MISSING) 
2024-12-29T22:09:49.589+0800 INFO [[{%!s(int64=100000000207) 吞吞吐吐}] 85eb472bb41e894475c898e943240524 47babb6e7ff7580e] %!s(MISSING) 
2024-12-29T22:09:49.589+0800 INFO [[{%!s(int64=100000000208) 开心捶捶}] 85eb472bb41e894475c898e943240524 47babb6e7ff7580e] %!s(MISSING) 
2024-12-29T22:09:49.589+0800 INFO [[sql: Scan error on column index 1, name "nick_name": converting NULL to string is unsupported] 85eb472bb41e894475c898e943240524 47babb6e7ff7580e] %!s(MISSING) 
2024-12-29T22:10:26.650+0800 INFO [[%!s(int64=100000000001) 和光Chat] ae3f70a99573df86c897793b559c7f08 77cb6a90eff8d16e] %!s(MISSING) 
2024-12-29T22:10:26.652+0800 INFO [[%!s(int64=100000000002) 和光AI绘图] ae3f70a99573df86c897793b559c7f08 77cb6a90eff8d16e] %!s(MISSING) 
2024-12-29T22:10:26.652+0800 INFO [[%!s(int64=100000000003) 和光故事引擎] ae3f70a99573df86c897793b559c7f08 77cb6a90eff8d16e] %!s(MISSING) 
2024-12-29T22:10:26.652+0800 INFO [[%!s(int64=100000000191) 高奕] ae3f70a99573df86c897793b559c7f08 77cb6a90eff8d16e] %!s(MISSING) 
2024-12-29T22:10:26.652+0800 INFO [[%!s(int64=100000000193) 宋江] ae3f70a99573df86c897793b559c7f08 77cb6a90eff8d16e] %!s(MISSING) 
2024-12-29T22:10:26.653+0800 INFO [[%!s(int64=100000000194) 吴用] ae3f70a99573df86c897793b559c7f08 77cb6a90eff8d16e] %!s(MISSING) 
2024-12-29T22:10:26.653+0800 INFO [[%!s(int64=100000000195) 晁盖] ae3f70a99573df86c897793b559c7f08 77cb6a90eff8d16e] %!s(MISSING) 
2024-12-29T22:10:26.653+0800 INFO [[%!s(int64=100000000196) 蒋钦] ae3f70a99573df86c897793b559c7f08 77cb6a90eff8d16e] %!s(MISSING) 
2024-12-29T22:10:26.653+0800 INFO [[%!s(int64=100000000197) 周泰] ae3f70a99573df86c897793b559c7f08 77cb6a90eff8d16e] %!s(MISSING) 
2024-12-29T22:10:26.653+0800 INFO [[%!s(int64=100000000198) 吕蒙] ae3f70a99573df86c897793b559c7f08 77cb6a90eff8d16e] %!s(MISSING) 
2024-12-29T22:10:26.653+0800 INFO [[%!s(int64=100000000201) 荀彧] ae3f70a99573df86c897793b559c7f08 77cb6a90eff8d16e] %!s(MISSING) 
2024-12-29T22:10:26.653+0800 INFO [[%!s(int64=100000000202) 荀攸] ae3f70a99573df86c897793b559c7f08 77cb6a90eff8d16e] %!s(MISSING) 
2024-12-29T22:10:26.653+0800 INFO [[%!s(int64=100000000203) 贾诩] ae3f70a99573df86c897793b559c7f08 77cb6a90eff8d16e] %!s(MISSING) 
2024-12-29T22:10:26.653+0800 INFO [[%!s(int64=100000000204) 郭嘉] ae3f70a99573df86c897793b559c7f08 77cb6a90eff8d16e] %!s(MISSING) 
2024-12-29T22:10:26.653+0800 INFO [[%!s(int64=100000000205) 周瑜] ae3f70a99573df86c897793b559c7f08 77cb6a90eff8d16e] %!s(MISSING) 
2024-12-29T22:10:26.653+0800 INFO [[%!s(int64=100000000206) 扭扭捏捏] ae3f70a99573df86c897793b559c7f08 77cb6a90eff8d16e] %!s(MISSING) 
2024-12-29T22:10:26.653+0800 INFO [[%!s(int64=100000000207) 吞吞吐吐] ae3f70a99573df86c897793b559c7f08 77cb6a90eff8d16e] %!s(MISSING) 
2024-12-29T22:10:26.653+0800 INFO [[%!s(int64=100000000208) 开心捶捶] ae3f70a99573df86c897793b559c7f08 77cb6a90eff8d16e] %!s(MISSING) 
2024-12-29T22:10:26.653+0800 INFO [[sql: Scan error on column index 1, name "nick_name": converting NULL to string is unsupported] ae3f70a99573df86c897793b559c7f08 77cb6a90eff8d16e] %!s(MISSING) 
2024-12-29T22:11:41.708+0800 INFO [%!s(int64=100000000001) 和光Chat 324d01e0f687758348eccd54ee1b6f3d 595040df79741a64] %!s(MISSING) %!d(MISSING) %!s(MISSING)
2024-12-29T22:11:41.711+0800 INFO [%!s(int64=100000000002) 和光AI绘图 324d01e0f687758348eccd54ee1b6f3d 595040df79741a64] %!s(MISSING) %!d(MISSING) %!s(MISSING)
2024-12-29T22:11:41.711+0800 INFO [%!s(int64=100000000003) 和光故事引擎 324d01e0f687758348eccd54ee1b6f3d 595040df79741a64] %!s(MISSING) %!d(MISSING) %!s(MISSING)
2024-12-29T22:11:41.711+0800 INFO [%!s(int64=100000000191) 高奕 324d01e0f687758348eccd54ee1b6f3d 595040df79741a64] %!s(MISSING) %!d(MISSING) %!s(MISSING)
2024-12-29T22:11:41.711+0800 INFO [%!s(int64=100000000193) 宋江 324d01e0f687758348eccd54ee1b6f3d 595040df79741a64] %!s(MISSING) %!d(MISSING) %!s(MISSING)
2024-12-29T22:11:41.711+0800 INFO [%!s(int64=100000000194) 吴用 324d01e0f687758348eccd54ee1b6f3d 595040df79741a64] %!s(MISSING) %!d(MISSING) %!s(MISSING)
2024-12-29T22:11:41.711+0800 INFO [%!s(int64=100000000195) 晁盖 324d01e0f687758348eccd54ee1b6f3d 595040df79741a64] %!s(MISSING) %!d(MISSING) %!s(MISSING)
2024-12-29T22:11:41.711+0800 INFO [%!s(int64=100000000196) 蒋钦 324d01e0f687758348eccd54ee1b6f3d 595040df79741a64] %!s(MISSING) %!d(MISSING) %!s(MISSING)
2024-12-29T22:11:41.712+0800 INFO [%!s(int64=100000000197) 周泰 324d01e0f687758348eccd54ee1b6f3d 595040df79741a64] %!s(MISSING) %!d(MISSING) %!s(MISSING)
2024-12-29T22:11:41.712+0800 INFO [%!s(int64=100000000198) 吕蒙 324d01e0f687758348eccd54ee1b6f3d 595040df79741a64] %!s(MISSING) %!d(MISSING) %!s(MISSING)
2024-12-29T22:11:41.712+0800 INFO [%!s(int64=100000000201) 荀彧 324d01e0f687758348eccd54ee1b6f3d 595040df79741a64] %!s(MISSING) %!d(MISSING) %!s(MISSING)
2024-12-29T22:11:41.712+0800 INFO [%!s(int64=100000000202) 荀攸 324d01e0f687758348eccd54ee1b6f3d 595040df79741a64] %!s(MISSING) %!d(MISSING) %!s(MISSING)
2024-12-29T22:11:41.712+0800 INFO [%!s(int64=100000000203) 贾诩 324d01e0f687758348eccd54ee1b6f3d 595040df79741a64] %!s(MISSING) %!d(MISSING) %!s(MISSING)
2024-12-29T22:11:41.712+0800 INFO [%!s(int64=100000000204) 郭嘉 324d01e0f687758348eccd54ee1b6f3d 595040df79741a64] %!s(MISSING) %!d(MISSING) %!s(MISSING)
2024-12-29T22:11:41.712+0800 INFO [%!s(int64=100000000205) 周瑜 324d01e0f687758348eccd54ee1b6f3d 595040df79741a64] %!s(MISSING) %!d(MISSING) %!s(MISSING)
2024-12-29T22:11:41.712+0800 INFO [%!s(int64=100000000206) 扭扭捏捏 324d01e0f687758348eccd54ee1b6f3d 595040df79741a64] %!s(MISSING) %!d(MISSING) %!s(MISSING)
2024-12-29T22:11:41.712+0800 INFO [%!s(int64=100000000207) 吞吞吐吐 324d01e0f687758348eccd54ee1b6f3d 595040df79741a64] %!s(MISSING) %!d(MISSING) %!s(MISSING)
2024-12-29T22:11:41.712+0800 INFO [%!s(int64=100000000208) 开心捶捶 324d01e0f687758348eccd54ee1b6f3d 595040df79741a64] %!s(MISSING) %!d(MISSING) %!s(MISSING)
2024-12-29T22:11:41.712+0800 INFO [[sql: Scan error on column index 1, name "nick_name": converting NULL to string is unsupported] 324d01e0f687758348eccd54ee1b6f3d 595040df79741a64] %!s(MISSING) 
2024-12-29T22:13:40.585+0800 INFO [ca3036b501407ea1474de30813af012a e0358fcf2b3e35cb [%!s(int64=100000000001) 和光Chat]] %!s(MISSING) %!d(MISSING) %!s(MISSING)
2024-12-29T22:13:40.586+0800 INFO [ca3036b501407ea1474de30813af012a e0358fcf2b3e35cb [%!s(int64=100000000002) 和光AI绘图]] %!s(MISSING) %!d(MISSING) %!s(MISSING)
2024-12-29T22:13:40.586+0800 INFO [ca3036b501407ea1474de30813af012a e0358fcf2b3e35cb [%!s(int64=100000000003) 和光故事引擎]] %!s(MISSING) %!d(MISSING) %!s(MISSING)
2024-12-29T22:13:40.586+0800 INFO [ca3036b501407ea1474de30813af012a e0358fcf2b3e35cb [%!s(int64=100000000191) 高奕]] %!s(MISSING) %!d(MISSING) %!s(MISSING)
2024-12-29T22:13:40.586+0800 INFO [ca3036b501407ea1474de30813af012a e0358fcf2b3e35cb [%!s(int64=100000000193) 宋江]] %!s(MISSING) %!d(MISSING) %!s(MISSING)
2024-12-29T22:13:40.586+0800 INFO [ca3036b501407ea1474de30813af012a e0358fcf2b3e35cb [%!s(int64=100000000194) 吴用]] %!s(MISSING) %!d(MISSING) %!s(MISSING)
2024-12-29T22:13:40.586+0800 INFO [ca3036b501407ea1474de30813af012a e0358fcf2b3e35cb [%!s(int64=100000000195) 晁盖]] %!s(MISSING) %!d(MISSING) %!s(MISSING)
2024-12-29T22:13:40.586+0800 INFO [ca3036b501407ea1474de30813af012a e0358fcf2b3e35cb [%!s(int64=100000000196) 蒋钦]] %!s(MISSING) %!d(MISSING) %!s(MISSING)
2024-12-29T22:13:40.586+0800 INFO [ca3036b501407ea1474de30813af012a e0358fcf2b3e35cb [%!s(int64=100000000197) 周泰]] %!s(MISSING) %!d(MISSING) %!s(MISSING)
2024-12-29T22:13:40.586+0800 INFO [ca3036b501407ea1474de30813af012a e0358fcf2b3e35cb [%!s(int64=100000000198) 吕蒙]] %!s(MISSING) %!d(MISSING) %!s(MISSING)
2024-12-29T22:13:40.586+0800 INFO [ca3036b501407ea1474de30813af012a e0358fcf2b3e35cb [%!s(int64=100000000201) 荀彧]] %!s(MISSING) %!d(MISSING) %!s(MISSING)
2024-12-29T22:13:40.586+0800 INFO [ca3036b501407ea1474de30813af012a e0358fcf2b3e35cb [%!s(int64=100000000202) 荀攸]] %!s(MISSING) %!d(MISSING) %!s(MISSING)
2024-12-29T22:13:40.586+0800 INFO [ca3036b501407ea1474de30813af012a e0358fcf2b3e35cb [%!s(int64=100000000203) 贾诩]] %!s(MISSING) %!d(MISSING) %!s(MISSING)
2024-12-29T22:13:40.586+0800 INFO [ca3036b501407ea1474de30813af012a e0358fcf2b3e35cb [%!s(int64=100000000204) 郭嘉]] %!s(MISSING) %!d(MISSING) %!s(MISSING)
2024-12-29T22:13:40.586+0800 INFO [ca3036b501407ea1474de30813af012a e0358fcf2b3e35cb [%!s(int64=100000000205) 周瑜]] %!s(MISSING) %!d(MISSING) %!s(MISSING)
2024-12-29T22:13:40.586+0800 INFO [ca3036b501407ea1474de30813af012a e0358fcf2b3e35cb [%!s(int64=100000000206) 扭扭捏捏]] %!s(MISSING) %!d(MISSING) %!s(MISSING)
2024-12-29T22:13:40.586+0800 INFO [ca3036b501407ea1474de30813af012a e0358fcf2b3e35cb [%!s(int64=100000000207) 吞吞吐吐]] %!s(MISSING) %!d(MISSING) %!s(MISSING)
2024-12-29T22:13:40.586+0800 INFO [ca3036b501407ea1474de30813af012a e0358fcf2b3e35cb [%!s(int64=100000000208) 开心捶捶]] %!s(MISSING) %!d(MISSING) %!s(MISSING)
2024-12-29T22:13:40.586+0800 INFO [ca3036b501407ea1474de30813af012a e0358fcf2b3e35cb [[sql: Scan error on column index 1, name "nick_name": converting NULL to string is unsupported]]] %!s(MISSING) 
2024-12-29T22:14:04.228+0800 INFO afff09c938f1ad13f2ccb123ce123926 bc2f0a3865160de7 [100000000001 %!d(string=和光Chat)] %!s(MISSING)
2024-12-29T22:14:04.230+0800 INFO afff09c938f1ad13f2ccb123ce123926 bc2f0a3865160de7 [100000000002 %!d(string=和光AI绘图)] %!s(MISSING)
2024-12-29T22:14:04.230+0800 INFO afff09c938f1ad13f2ccb123ce123926 bc2f0a3865160de7 [100000000003 %!d(string=和光故事引擎)] %!s(MISSING)
2024-12-29T22:14:04.230+0800 INFO afff09c938f1ad13f2ccb123ce123926 bc2f0a3865160de7 [100000000191 %!d(string=高奕)] %!s(MISSING)
2024-12-29T22:14:04.230+0800 INFO afff09c938f1ad13f2ccb123ce123926 bc2f0a3865160de7 [100000000193 %!d(string=宋江)] %!s(MISSING)
2024-12-29T22:14:04.230+0800 INFO afff09c938f1ad13f2ccb123ce123926 bc2f0a3865160de7 [100000000194 %!d(string=吴用)] %!s(MISSING)
2024-12-29T22:14:04.230+0800 INFO afff09c938f1ad13f2ccb123ce123926 bc2f0a3865160de7 [100000000195 %!d(string=晁盖)] %!s(MISSING)
2024-12-29T22:14:04.230+0800 INFO afff09c938f1ad13f2ccb123ce123926 bc2f0a3865160de7 [100000000196 %!d(string=蒋钦)] %!s(MISSING)
2024-12-29T22:14:04.230+0800 INFO afff09c938f1ad13f2ccb123ce123926 bc2f0a3865160de7 [100000000197 %!d(string=周泰)] %!s(MISSING)
2024-12-29T22:14:04.230+0800 INFO afff09c938f1ad13f2ccb123ce123926 bc2f0a3865160de7 [100000000198 %!d(string=吕蒙)] %!s(MISSING)
2024-12-29T22:14:04.230+0800 INFO afff09c938f1ad13f2ccb123ce123926 bc2f0a3865160de7 [100000000201 %!d(string=荀彧)] %!s(MISSING)
2024-12-29T22:14:04.230+0800 INFO afff09c938f1ad13f2ccb123ce123926 bc2f0a3865160de7 [100000000202 %!d(string=荀攸)] %!s(MISSING)
2024-12-29T22:14:04.230+0800 INFO afff09c938f1ad13f2ccb123ce123926 bc2f0a3865160de7 [100000000203 %!d(string=贾诩)] %!s(MISSING)
2024-12-29T22:14:04.230+0800 INFO afff09c938f1ad13f2ccb123ce123926 bc2f0a3865160de7 [100000000204 %!d(string=郭嘉)] %!s(MISSING)
2024-12-29T22:14:04.230+0800 INFO afff09c938f1ad13f2ccb123ce123926 bc2f0a3865160de7 [100000000205 %!d(string=周瑜)] %!s(MISSING)
2024-12-29T22:14:04.230+0800 INFO afff09c938f1ad13f2ccb123ce123926 bc2f0a3865160de7 [100000000206 %!d(string=扭扭捏捏)] %!s(MISSING)
2024-12-29T22:14:04.230+0800 INFO afff09c938f1ad13f2ccb123ce123926 bc2f0a3865160de7 [100000000207 %!d(string=吞吞吐吐)] %!s(MISSING)
2024-12-29T22:14:04.230+0800 INFO afff09c938f1ad13f2ccb123ce123926 bc2f0a3865160de7 [100000000208 %!d(string=开心捶捶)] %!s(MISSING)
2024-12-29T22:14:04.230+0800 INFO afff09c938f1ad13f2ccb123ce123926 bc2f0a3865160de7 %!(EXTRA []interface {}=[[sql: Scan error on column index 1, name "nick_name": converting NULL to string is unsupported]])
2024-12-29T22:14:18.865+0800 INFO b8e57f83e62c93ec8d6c9fdc527e488f aad66d52b270e16b 100000000001 和光Chat
2024-12-29T22:14:18.866+0800 INFO b8e57f83e62c93ec8d6c9fdc527e488f aad66d52b270e16b 100000000002 和光AI绘图
2024-12-29T22:14:18.866+0800 INFO b8e57f83e62c93ec8d6c9fdc527e488f aad66d52b270e16b 100000000003 和光故事引擎
2024-12-29T22:14:18.866+0800 INFO b8e57f83e62c93ec8d6c9fdc527e488f aad66d52b270e16b 100000000191 高奕
2024-12-29T22:14:18.866+0800 INFO b8e57f83e62c93ec8d6c9fdc527e488f aad66d52b270e16b 100000000193 宋江
2024-12-29T22:14:18.866+0800 INFO b8e57f83e62c93ec8d6c9fdc527e488f aad66d52b270e16b 100000000194 吴用
2024-12-29T22:14:18.866+0800 INFO b8e57f83e62c93ec8d6c9fdc527e488f aad66d52b270e16b 100000000195 晁盖
2024-12-29T22:14:18.866+0800 INFO b8e57f83e62c93ec8d6c9fdc527e488f aad66d52b270e16b 100000000196 蒋钦
2024-12-29T22:14:18.866+0800 INFO b8e57f83e62c93ec8d6c9fdc527e488f aad66d52b270e16b 100000000197 周泰
2024-12-29T22:14:18.866+0800 INFO b8e57f83e62c93ec8d6c9fdc527e488f aad66d52b270e16b 100000000198 吕蒙
2024-12-29T22:14:18.866+0800 INFO b8e57f83e62c93ec8d6c9fdc527e488f aad66d52b270e16b 100000000201 荀彧
2024-12-29T22:14:18.866+0800 INFO b8e57f83e62c93ec8d6c9fdc527e488f aad66d52b270e16b 100000000202 荀攸
2024-12-29T22:14:18.866+0800 INFO b8e57f83e62c93ec8d6c9fdc527e488f aad66d52b270e16b 100000000203 贾诩
2024-12-29T22:14:18.866+0800 INFO b8e57f83e62c93ec8d6c9fdc527e488f aad66d52b270e16b 100000000204 郭嘉
2024-12-29T22:14:18.866+0800 INFO b8e57f83e62c93ec8d6c9fdc527e488f aad66d52b270e16b 100000000205 周瑜
2024-12-29T22:14:18.866+0800 INFO b8e57f83e62c93ec8d6c9fdc527e488f aad66d52b270e16b 100000000206 扭扭捏捏
2024-12-29T22:14:18.866+0800 INFO b8e57f83e62c93ec8d6c9fdc527e488f aad66d52b270e16b 100000000207 吞吞吐吐
2024-12-29T22:14:18.866+0800 INFO b8e57f83e62c93ec8d6c9fdc527e488f aad66d52b270e16b 100000000208 开心捶捶
2024-12-29T22:14:18.866+0800 INFO b8e57f83e62c93ec8d6c9fdc527e488f aad66d52b270e16b %!(EXTRA []interface {}=[sql: Scan error on column index 1, name "nick_name": converting NULL to string is unsupported])
