{"level":"DEBUG","time":"2025-04-16 04:00:15","name":"timewheel","caller":"timewheel/timewheel.go:148","message":"ticking slot[1],now:2025-04-16 03:59:59,len:0","op":"advance"}
{"level":"INFO","time":"2025-04-16 04:00:04","name":"timewheel","caller":"timewheel/timewheel.go:116","message":"started","op":"start"}
{"level":"DEBUG","time":"2025-04-16 04:00:42","name":"timewheel","caller":"timewheel/timewheel.go:148","message":"ticking slot[0],now:2025-04-16 04:00:04,len:0","op":"advance"}
{"level":"DEBUG","time":"2025-04-16 04:00:38","name":"timewheel","caller":"timewheel/timewheel.go:200","message":"submit into slots[1],len:1","op":"submit"}
{"level":"DEBUG","time":"2025-04-16 04:00:42","name":"timewheel","caller":"timewheel/timewheel.go:148","message":"ticking slot[0],now:2025-04-16 04:00:38,len:0","op":"advance"}
{"level":"DEBUG","time":"2025-04-16 04:00:42","name":"timewheel","caller":"timewheel/timewheel.go:148","message":"ticking slot[0],now:2025-04-16 04:00:42,len:0","op":"advance"}
{"level":"DEBUG","time":"2025-04-16 04:00:43","name":"timewheel","caller":"timewheel/timewheel.go:200","message":"submit into slots[0],len:1","op":"submit"}
{"level":"DEBUG","time":"2025-04-16 04:00:43","name":"timewheel","caller":"timewheel/timewheel.go:148","message":"ticking slot[1],now:2025-04-16 04:00:43,len:1","op":"advance"}
{"level":"DEBUG","time":"2025-04-16 04:00:44","name":"timewheel","caller":"timewheel/timewheel.go:200","message":"submit into slots[1],len:1","op":"submit"}
{"level":"DEBUG","time":"2025-04-16 04:00:44","name":"timewheel","caller":"timewheel/timewheel.go:148","message":"ticking slot[0],now:2025-04-16 04:00:44,len:1","op":"advance"}
{"level":"DEBUG","time":"2025-04-16 04:00:45","name":"timewheel","caller":"timewheel/timewheel.go:200","message":"submit into slots[0],len:1","op":"submit"}
{"level":"DEBUG","time":"2025-04-16 04:00:45","name":"timewheel","caller":"timewheel/timewheel.go:148","message":"ticking slot[1],now:2025-04-16 04:00:45,len:1","op":"advance"}
{"level":"DEBUG","time":"2025-04-16 04:00:46","name":"timewheel","caller":"timewheel/timewheel.go:200","message":"submit into slots[1],len:1","op":"submit"}
{"level":"DEBUG","time":"2025-04-16 04:00:46","name":"timewheel","caller":"timewheel/timewheel.go:148","message":"ticking slot[0],now:2025-04-16 04:00:46,len:1","op":"advance"}
{"level":"DEBUG","time":"2025-04-16 04:00:47","name":"timewheel","caller":"timewheel/timewheel.go:200","message":"submit into slots[0],len:1","op":"submit"}
{"level":"DEBUG","time":"2025-04-16 04:00:47","name":"timewheel","caller":"timewheel/timewheel.go:148","message":"ticking slot[1],now:2025-04-16 04:00:47,len:1","op":"advance"}
{"level":"DEBUG","time":"2025-04-16 04:00:48","name":"timewheel","caller":"timewheel/timewheel.go:200","message":"submit into slots[1],len:1","op":"submit"}
{"level":"DEBUG","time":"2025-04-16 04:00:48","name":"timewheel","caller":"timewheel/timewheel.go:148","message":"ticking slot[0],now:2025-04-16 04:00:48,len:1","op":"advance"}
{"level":"DEBUG","time":"2025-04-16 04:00:49","name":"timewheel","caller":"timewheel/timewheel.go:200","message":"submit into slots[0],len:1","op":"submit"}
{"level":"DEBUG","time":"2025-04-16 04:00:49","name":"timewheel","caller":"timewheel/timewheel.go:148","message":"ticking slot[1],now:2025-04-16 04:00:49,len:1","op":"advance"}
{"level":"DEBUG","time":"2025-04-16 04:00:50","name":"timewheel","caller":"timewheel/timewheel.go:200","message":"submit into slots[1],len:1","op":"submit"}
{"level":"DEBUG","time":"2025-04-16 04:00:50","name":"timewheel","caller":"timewheel/timewheel.go:148","message":"ticking slot[0],now:2025-04-16 04:00:50,len:1","op":"advance"}
{"level":"DEBUG","time":"2025-04-16 04:00:51","name":"timewheel","caller":"timewheel/timewheel.go:200","message":"submit into slots[0],len:1","op":"submit"}
{"level":"DEBUG","time":"2025-04-16 04:00:51","name":"timewheel","caller":"timewheel/timewheel.go:148","message":"ticking slot[1],now:2025-04-16 04:00:51,len:1","op":"advance"}
{"level":"DEBUG","time":"2025-04-16 04:00:52","name":"timewheel","caller":"timewheel/timewheel.go:200","message":"submit into slots[1],len:1","op":"submit"}
{"level":"INFO","time":"2025-04-16 04:01:53","name":"timewheel","caller":"timewheel/timewheel.go:116","message":"started","op":"start"}
{"level":"DEBUG","time":"2025-04-16 04:01:54","name":"timewheel","caller":"timewheel/timewheel.go:148","message":"ticking slot[0],now:Apr 16 04:01:54.953,len:0","op":"advance"}
{"level":"DEBUG","time":"2025-04-16 04:01:55","name":"timewheel","caller":"timewheel/timewheel.go:148","message":"ticking slot[1],now:Apr 16 04:01:55.953,len:0","op":"advance"}
{"level":"INFO","time":"2025-04-16 04:01:55","name":"timewheel","caller":"timewheel/timewheel.go:135","message":"closed","op":"close"}
{"level":"INFO","time":"2025-04-16 04:02:19","name":"timewheel","caller":"timewheel/timewheel.go:116","message":"started","op":"start"}
{"level":"INFO","time":"2025-04-16 04:02:19","name":"timewheel","caller":"timewheel/timewheel.go:135","message":"closed","op":"close"}
{"level":"INFO","time":"2025-04-16 04:02:46","name":"timewheel","caller":"timewheel/timewheel.go:116","message":"started","op":"start"}
{"level":"DEBUG","time":"2025-04-16 04:02:47","name":"timewheel","caller":"timewheel/timewheel.go:148","message":"ticking slot[1],now:Apr 16 04:02:47.726,len:0","op":"advance"}
{"level":"DEBUG","time":"2025-04-16 04:02:48","name":"timewheel","caller":"timewheel/timewheel.go:148","message":"ticking slot[0],now:Apr 16 04:02:48.726,len:0","op":"advance"}
{"level":"DEBUG","time":"2025-04-16 04:02:49","name":"timewheel","caller":"timewheel/timewheel.go:148","message":"ticking slot[1],now:Apr 16 04:02:49.726,len:0","op":"advance"}
{"level":"DEBUG","time":"2025-04-16 04:02:50","name":"timewheel","caller":"timewheel/timewheel.go:148","message":"ticking slot[0],now:Apr 16 04:02:50.726,len:0","op":"advance"}
{"level":"DEBUG","time":"2025-04-16 04:02:51","name":"timewheel","caller":"timewheel/timewheel.go:148","message":"ticking slot[1],now:Apr 16 04:02:51.726,len:0","op":"advance"}
{"level":"DEBUG","time":"2025-04-16 04:02:52","name":"timewheel","caller":"timewheel/timewheel.go:148","message":"ticking slot[0],now:Apr 16 04:02:52.726,len:0","op":"advance"}
{"level":"DEBUG","time":"2025-04-16 04:02:53","name":"timewheel","caller":"timewheel/timewheel.go:148","message":"ticking slot[1],now:Apr 16 04:02:53.726,len:0","op":"advance"}
{"level":"DEBUG","time":"2025-04-16 04:02:54","name":"timewheel","caller":"timewheel/timewheel.go:148","message":"ticking slot[0],now:Apr 16 04:02:54.726,len:0","op":"advance"}
{"level":"DEBUG","time":"2025-04-16 04:02:55","name":"timewheel","caller":"timewheel/timewheel.go:148","message":"ticking slot[1],now:Apr 16 04:02:55.726,len:0","op":"advance"}
{"level":"DEBUG","time":"2025-04-16 04:02:56","name":"timewheel","caller":"timewheel/timewheel.go:148","message":"ticking slot[0],now:Apr 16 04:02:56.726,len:0","op":"advance"}
{"level":"DEBUG","time":"2025-04-16 04:02:57","name":"timewheel","caller":"timewheel/timewheel.go:148","message":"ticking slot[1],now:Apr 16 04:02:57.726,len:0","op":"advance"}
{"level":"DEBUG","time":"2025-04-16 04:02:58","name":"timewheel","caller":"timewheel/timewheel.go:148","message":"ticking slot[0],now:Apr 16 04:02:58.726,len:0","op":"advance"}
{"level":"DEBUG","time":"2025-04-16 04:02:59","name":"timewheel","caller":"timewheel/timewheel.go:148","message":"ticking slot[1],now:Apr 16 04:02:59.726,len:0","op":"advance"}
{"level":"DEBUG","time":"2025-04-16 04:03:00","name":"timewheel","caller":"timewheel/timewheel.go:148","message":"ticking slot[0],now:Apr 16 04:03:00.726,len:0","op":"advance"}
{"level":"DEBUG","time":"2025-04-16 04:03:01","name":"timewheel","caller":"timewheel/timewheel.go:148","message":"ticking slot[1],now:Apr 16 04:03:01.726,len:0","op":"advance"}
{"level":"DEBUG","time":"2025-04-16 04:03:02","name":"timewheel","caller":"timewheel/timewheel.go:148","message":"ticking slot[0],now:Apr 16 04:03:02.726,len:0","op":"advance"}
{"level":"DEBUG","time":"2025-04-16 04:03:03","name":"timewheel","caller":"timewheel/timewheel.go:148","message":"ticking slot[1],now:Apr 16 04:03:03.726,len:0","op":"advance"}
{"level":"DEBUG","time":"2025-04-16 04:03:04","name":"timewheel","caller":"timewheel/timewheel.go:148","message":"ticking slot[0],now:Apr 16 04:03:04.726,len:0","op":"advance"}
{"level":"INFO","time":"2025-04-16 04:04:35","name":"timewheel","caller":"timewheel/timewheel.go:116","message":"started","op":"start"}
{"level":"DEBUG","time":"2025-04-16 04:04:36","name":"timewheel","caller":"timewheel/timewheel.go:148","message":"ticking slot[0],now:Apr 16 04:04:36.503,len:0","op":"advance"}
{"level":"DEBUG","time":"2025-04-16 04:04:37","name":"timewheel","caller":"timewheel/timewheel.go:148","message":"ticking slot[1],now:Apr 16 04:04:37.503,len:0","op":"advance"}
{"level":"DEBUG","time":"2025-04-16 04:04:38","name":"timewheel","caller":"timewheel/timewheel.go:148","message":"ticking slot[0],now:Apr 16 04:04:38.503,len:0","op":"advance"}
{"level":"DEBUG","time":"2025-04-16 04:04:39","name":"timewheel","caller":"timewheel/timewheel.go:148","message":"ticking slot[1],now:Apr 16 04:04:39.503,len:0","op":"advance"}
{"level":"DEBUG","time":"2025-04-16 04:04:40","name":"timewheel","caller":"timewheel/timewheel.go:148","message":"ticking slot[0],now:Apr 16 04:04:40.503,len:0","op":"advance"}
{"level":"DEBUG","time":"2025-04-16 04:04:41","name":"timewheel","caller":"timewheel/timewheel.go:148","message":"ticking slot[1],now:Apr 16 04:04:41.503,len:0","op":"advance"}
{"level":"DEBUG","time":"2025-04-16 04:04:42","name":"timewheel","caller":"timewheel/timewheel.go:148","message":"ticking slot[0],now:Apr 16 04:04:42.503,len:0","op":"advance"}
{"level":"DEBUG","time":"2025-04-16 04:04:43","name":"timewheel","caller":"timewheel/timewheel.go:148","message":"ticking slot[1],now:Apr 16 04:04:43.503,len:0","op":"advance"}
{"level":"DEBUG","time":"2025-04-16 04:04:44","name":"timewheel","caller":"timewheel/timewheel.go:148","message":"ticking slot[0],now:Apr 16 04:04:44.503,len:0","op":"advance"}
{"level":"DEBUG","time":"2025-04-16 04:04:45","name":"timewheel","caller":"timewheel/timewheel.go:148","message":"ticking slot[1],now:Apr 16 04:04:45.503,len:0","op":"advance"}
{"level":"DEBUG","time":"2025-04-16 04:04:46","name":"timewheel","caller":"timewheel/timewheel.go:148","message":"ticking slot[0],now:Apr 16 04:04:46.503,len:0","op":"advance"}
{"level":"DEBUG","time":"2025-04-16 04:04:47","name":"timewheel","caller":"timewheel/timewheel.go:148","message":"ticking slot[1],now:Apr 16 04:04:47.503,len:0","op":"advance"}
{"level":"DEBUG","time":"2025-04-16 04:04:48","name":"timewheel","caller":"timewheel/timewheel.go:148","message":"ticking slot[0],now:Apr 16 04:04:48.503,len:0","op":"advance"}
{"level":"DEBUG","time":"2025-04-16 04:04:49","name":"timewheel","caller":"timewheel/timewheel.go:148","message":"ticking slot[1],now:Apr 16 04:04:49.503,len:0","op":"advance"}
{"level":"DEBUG","time":"2025-04-16 04:04:50","name":"timewheel","caller":"timewheel/timewheel.go:148","message":"ticking slot[0],now:Apr 16 04:04:50.503,len:0","op":"advance"}
{"level":"DEBUG","time":"2025-04-16 04:04:51","name":"timewheel","caller":"timewheel/timewheel.go:148","message":"ticking slot[1],now:Apr 16 04:04:51.503,len:0","op":"advance"}
{"level":"DEBUG","time":"2025-04-16 04:04:52","name":"timewheel","caller":"timewheel/timewheel.go:148","message":"ticking slot[0],now:Apr 16 04:04:52.503,len:0","op":"advance"}
{"level":"DEBUG","time":"2025-04-16 04:04:53","name":"timewheel","caller":"timewheel/timewheel.go:148","message":"ticking slot[1],now:Apr 16 04:04:53.503,len:0","op":"advance"}
{"level":"DEBUG","time":"2025-04-16 04:04:54","name":"timewheel","caller":"timewheel/timewheel.go:148","message":"ticking slot[0],now:Apr 16 04:04:54.503,len:0","op":"advance"}
{"level":"DEBUG","time":"2025-04-16 04:04:55","name":"timewheel","caller":"timewheel/timewheel.go:148","message":"ticking slot[1],now:Apr 16 04:04:55.503,len:0","op":"advance"}
{"level":"DEBUG","time":"2025-04-16 04:04:56","name":"timewheel","caller":"timewheel/timewheel.go:148","message":"ticking slot[0],now:Apr 16 04:04:56.503,len:0","op":"advance"}
{"level":"DEBUG","time":"2025-04-16 04:04:57","name":"timewheel","caller":"timewheel/timewheel.go:148","message":"ticking slot[1],now:Apr 16 04:04:57.503,len:0","op":"advance"}
{"level":"DEBUG","time":"2025-04-16 04:04:58","name":"timewheel","caller":"timewheel/timewheel.go:148","message":"ticking slot[0],now:Apr 16 04:04:58.503,len:0","op":"advance"}
{"level":"DEBUG","time":"2025-04-16 04:04:59","name":"timewheel","caller":"timewheel/timewheel.go:148","message":"ticking slot[1],now:Apr 16 04:04:59.503,len:0","op":"advance"}
{"level":"DEBUG","time":"2025-04-16 04:05:00","name":"timewheel","caller":"timewheel/timewheel.go:148","message":"ticking slot[0],now:Apr 16 04:05:00.503,len:0","op":"advance"}
{"level":"DEBUG","time":"2025-04-16 04:05:01","name":"timewheel","caller":"timewheel/timewheel.go:148","message":"ticking slot[1],now:Apr 16 04:05:01.503,len:0","op":"advance"}
{"level":"DEBUG","time":"2025-04-16 04:05:02","name":"timewheel","caller":"timewheel/timewheel.go:148","message":"ticking slot[0],now:Apr 16 04:05:02.503,len:0","op":"advance"}
{"level":"DEBUG","time":"2025-04-16 04:05:03","name":"timewheel","caller":"timewheel/timewheel.go:148","message":"ticking slot[1],now:Apr 16 04:05:03.503,len:0","op":"advance"}
{"level":"DEBUG","time":"2025-04-16 04:05:04","name":"timewheel","caller":"timewheel/timewheel.go:148","message":"ticking slot[0],now:Apr 16 04:05:04.503,len:0","op":"advance"}
{"level":"DEBUG","time":"2025-04-16 04:05:05","name":"timewheel","caller":"timewheel/timewheel.go:148","message":"ticking slot[1],now:Apr 16 04:05:05.503,len:0","op":"advance"}
{"level":"DEBUG","time":"2025-04-16 04:05:06","name":"timewheel","caller":"timewheel/timewheel.go:148","message":"ticking slot[0],now:Apr 16 04:05:06.503,len:0","op":"advance"}
{"level":"DEBUG","time":"2025-04-16 04:05:07","name":"timewheel","caller":"timewheel/timewheel.go:148","message":"ticking slot[1],now:Apr 16 04:05:07.503,len:0","op":"advance"}
{"level":"DEBUG","time":"2025-04-16 04:05:08","name":"timewheel","caller":"timewheel/timewheel.go:148","message":"ticking slot[0],now:Apr 16 04:05:08.503,len:0","op":"advance"}
{"level":"DEBUG","time":"2025-04-16 04:05:09","name":"timewheel","caller":"timewheel/timewheel.go:148","message":"ticking slot[1],now:Apr 16 04:05:09.503,len:0","op":"advance"}
{"level":"DEBUG","time":"2025-04-16 04:05:10","name":"timewheel","caller":"timewheel/timewheel.go:148","message":"ticking slot[0],now:Apr 16 04:05:10.503,len:0","op":"advance"}
{"level":"DEBUG","time":"2025-04-16 04:05:11","name":"timewheel","caller":"timewheel/timewheel.go:148","message":"ticking slot[1],now:Apr 16 04:05:11.503,len:0","op":"advance"}
{"level":"DEBUG","time":"2025-04-16 04:05:12","name":"timewheel","caller":"timewheel/timewheel.go:148","message":"ticking slot[0],now:Apr 16 04:05:12.503,len:0","op":"advance"}
{"level":"DEBUG","time":"2025-04-16 04:05:13","name":"timewheel","caller":"timewheel/timewheel.go:148","message":"ticking slot[1],now:Apr 16 04:05:13.503,len:0","op":"advance"}
{"level":"DEBUG","time":"2025-04-16 04:05:14","name":"timewheel","caller":"timewheel/timewheel.go:148","message":"ticking slot[0],now:Apr 16 04:05:14.503,len:0","op":"advance"}
{"level":"DEBUG","time":"2025-04-16 04:05:15","name":"timewheel","caller":"timewheel/timewheel.go:148","message":"ticking slot[1],now:Apr 16 04:05:15.503,len:0","op":"advance"}
{"level":"DEBUG","time":"2025-04-16 04:05:16","name":"timewheel","caller":"timewheel/timewheel.go:148","message":"ticking slot[0],now:Apr 16 04:05:16.503,len:0","op":"advance"}
{"level":"DEBUG","time":"2025-04-16 04:05:17","name":"timewheel","caller":"timewheel/timewheel.go:148","message":"ticking slot[1],now:Apr 16 04:05:17.503,len:0","op":"advance"}
{"level":"DEBUG","time":"2025-04-16 04:05:18","name":"timewheel","caller":"timewheel/timewheel.go:148","message":"ticking slot[0],now:Apr 16 04:05:18.503,len:0","op":"advance"}
{"level":"DEBUG","time":"2025-04-16 04:05:19","name":"timewheel","caller":"timewheel/timewheel.go:148","message":"ticking slot[1],now:Apr 16 04:05:19.503,len:0","op":"advance"}
{"level":"DEBUG","time":"2025-04-16 04:05:20","name":"timewheel","caller":"timewheel/timewheel.go:148","message":"ticking slot[0],now:Apr 16 04:05:20.503,len:0","op":"advance"}
{"level":"DEBUG","time":"2025-04-16 04:05:21","name":"timewheel","caller":"timewheel/timewheel.go:148","message":"ticking slot[1],now:Apr 16 04:05:21.503,len:0","op":"advance"}
{"level":"DEBUG","time":"2025-04-16 04:05:22","name":"timewheel","caller":"timewheel/timewheel.go:148","message":"ticking slot[0],now:Apr 16 04:05:22.503,len:0","op":"advance"}
{"level":"DEBUG","time":"2025-04-16 04:05:23","name":"timewheel","caller":"timewheel/timewheel.go:148","message":"ticking slot[1],now:Apr 16 04:05:23.503,len:0","op":"advance"}
{"level":"DEBUG","time":"2025-04-16 04:05:24","name":"timewheel","caller":"timewheel/timewheel.go:148","message":"ticking slot[0],now:Apr 16 04:05:24.503,len:0","op":"advance"}
{"level":"DEBUG","time":"2025-04-16 04:05:25","name":"timewheel","caller":"timewheel/timewheel.go:148","message":"ticking slot[1],now:Apr 16 04:05:25.503,len:0","op":"advance"}
{"level":"DEBUG","time":"2025-04-16 04:05:26","name":"timewheel","caller":"timewheel/timewheel.go:148","message":"ticking slot[0],now:Apr 16 04:05:26.503,len:0","op":"advance"}
{"level":"DEBUG","time":"2025-04-16 04:05:27","name":"timewheel","caller":"timewheel/timewheel.go:148","message":"ticking slot[1],now:Apr 16 04:05:27.503,len:0","op":"advance"}
{"level":"DEBUG","time":"2025-04-16 04:05:28","name":"timewheel","caller":"timewheel/timewheel.go:148","message":"ticking slot[0],now:Apr 16 04:05:28.503,len:0","op":"advance"}
{"level":"DEBUG","time":"2025-04-16 04:05:29","name":"timewheel","caller":"timewheel/timewheel.go:148","message":"ticking slot[1],now:Apr 16 04:05:29.503,len:0","op":"advance"}
{"level":"DEBUG","time":"2025-04-16 04:05:30","name":"timewheel","caller":"timewheel/timewheel.go:148","message":"ticking slot[0],now:Apr 16 04:05:30.503,len:0","op":"advance"}
{"level":"DEBUG","time":"2025-04-16 04:05:31","name":"timewheel","caller":"timewheel/timewheel.go:148","message":"ticking slot[1],now:Apr 16 04:05:31.503,len:0","op":"advance"}
{"level":"DEBUG","time":"2025-04-16 04:05:32","name":"timewheel","caller":"timewheel/timewheel.go:148","message":"ticking slot[0],now:Apr 16 04:05:32.503,len:0","op":"advance"}
{"level":"DEBUG","time":"2025-04-16 04:05:33","name":"timewheel","caller":"timewheel/timewheel.go:148","message":"ticking slot[1],now:Apr 16 04:05:33.503,len:0","op":"advance"}
{"level":"INFO","time":"2025-04-16 04:06:23","name":"timewheel","caller":"timewheel/timewheel.go:116","message":"started","op":"start"}
{"level":"DEBUG","time":"2025-04-16 04:06:23","name":"timewheel","caller":"timewheel/timewheel.go:200","message":"submit into slots[0],len:1","op":"submit"}
{"level":"DEBUG","time":"2025-04-16 04:06:24","name":"timewheel","caller":"timewheel/timewheel.go:148","message":"ticking slot[0],now:Apr 16 04:06:24.319,len:1","op":"advance"}
{"level":"DEBUG","time":"2025-04-16 04:06:24","name":"timewheel","caller":"timewheel/timewheel.go:200","message":"submit into slots[0],len:1","op":"submit"}
{"level":"DEBUG","time":"2025-04-16 04:06:25","name":"timewheel","caller":"timewheel/timewheel.go:148","message":"ticking slot[1],now:Apr 16 04:06:25.319,len:0","op":"advance"}
{"level":"DEBUG","time":"2025-04-16 04:06:26","name":"timewheel","caller":"timewheel/timewheel.go:148","message":"ticking slot[0],now:Apr 16 04:06:26.319,len:1","op":"advance"}
{"level":"DEBUG","time":"2025-04-16 04:06:27","name":"timewheel","caller":"timewheel/timewheel.go:148","message":"ticking slot[1],now:Apr 16 04:06:27.319,len:0","op":"advance"}
{"level":"DEBUG","time":"2025-04-16 04:06:28","name":"timewheel","caller":"timewheel/timewheel.go:148","message":"ticking slot[0],now:Apr 16 04:06:28.319,len:0","op":"advance"}
{"level":"DEBUG","time":"2025-04-16 04:06:29","name":"timewheel","caller":"timewheel/timewheel.go:148","message":"ticking slot[1],now:Apr 16 04:06:29.319,len:0","op":"advance"}
{"level":"DEBUG","time":"2025-04-16 04:06:30","name":"timewheel","caller":"timewheel/timewheel.go:148","message":"ticking slot[0],now:Apr 16 04:06:30.319,len:0","op":"advance"}
{"level":"DEBUG","time":"2025-04-16 04:06:31","name":"timewheel","caller":"timewheel/timewheel.go:148","message":"ticking slot[1],now:Apr 16 04:06:31.319,len:0","op":"advance"}
{"level":"DEBUG","time":"2025-04-16 04:06:32","name":"timewheel","caller":"timewheel/timewheel.go:148","message":"ticking slot[0],now:Apr 16 04:06:32.319,len:0","op":"advance"}
{"level":"DEBUG","time":"2025-04-16 04:06:33","name":"timewheel","caller":"timewheel/timewheel.go:148","message":"ticking slot[1],now:Apr 16 04:06:33.319,len:0","op":"advance"}
{"level":"DEBUG","time":"2025-04-16 04:06:34","name":"timewheel","caller":"timewheel/timewheel.go:148","message":"ticking slot[0],now:Apr 16 04:06:34.319,len:0","op":"advance"}
{"level":"DEBUG","time":"2025-04-16 04:06:35","name":"timewheel","caller":"timewheel/timewheel.go:148","message":"ticking slot[1],now:Apr 16 04:06:35.318,len:0","op":"advance"}
{"level":"DEBUG","time":"2025-04-16 04:06:36","name":"timewheel","caller":"timewheel/timewheel.go:148","message":"ticking slot[0],now:Apr 16 04:06:36.318,len:0","op":"advance"}
{"level":"DEBUG","time":"2025-04-16 04:06:37","name":"timewheel","caller":"timewheel/timewheel.go:148","message":"ticking slot[1],now:Apr 16 04:06:37.318,len:0","op":"advance"}
{"level":"DEBUG","time":"2025-04-16 04:06:38","name":"timewheel","caller":"timewheel/timewheel.go:148","message":"ticking slot[0],now:Apr 16 04:06:38.318,len:0","op":"advance"}
{"level":"DEBUG","time":"2025-04-16 04:06:39","name":"timewheel","caller":"timewheel/timewheel.go:148","message":"ticking slot[1],now:Apr 16 04:06:39.318,len:0","op":"advance"}
{"level":"DEBUG","time":"2025-04-16 04:06:40","name":"timewheel","caller":"timewheel/timewheel.go:148","message":"ticking slot[0],now:Apr 16 04:06:40.318,len:0","op":"advance"}
{"level":"DEBUG","time":"2025-04-16 04:06:41","name":"timewheel","caller":"timewheel/timewheel.go:148","message":"ticking slot[1],now:Apr 16 04:06:41.318,len:0","op":"advance"}
{"level":"DEBUG","time":"2025-04-16 04:06:42","name":"timewheel","caller":"timewheel/timewheel.go:148","message":"ticking slot[0],now:Apr 16 04:06:42.318,len:0","op":"advance"}
{"level":"DEBUG","time":"2025-04-16 04:06:43","name":"timewheel","caller":"timewheel/timewheel.go:148","message":"ticking slot[1],now:Apr 16 04:06:43.318,len:0","op":"advance"}
{"level":"DEBUG","time":"2025-04-16 04:06:44","name":"timewheel","caller":"timewheel/timewheel.go:148","message":"ticking slot[0],now:Apr 16 04:06:44.318,len:0","op":"advance"}
{"level":"INFO","time":"2025-04-16 04:06:51","name":"timewheel","caller":"timewheel/timewheel.go:116","message":"started","op":"start"}
{"level":"DEBUG","time":"2025-04-16 04:06:51","name":"timewheel","caller":"timewheel/timewheel.go:200","message":"submit into slots[0],len:1","op":"submit"}
{"level":"DEBUG","time":"2025-04-16 04:06:52","name":"timewheel","caller":"timewheel/timewheel.go:148","message":"ticking slot[0],now:Apr 16 04:06:52.872,len:1","op":"advance"}
{"level":"DEBUG","time":"2025-04-16 04:06:52","name":"timewheel","caller":"timewheel/timewheel.go:200","message":"submit into slots[0],len:1","op":"submit"}
{"level":"DEBUG","time":"2025-04-16 04:06:53","name":"timewheel","caller":"timewheel/timewheel.go:148","message":"ticking slot[1],now:Apr 16 04:06:53.872,len:0","op":"advance"}
{"level":"DEBUG","time":"2025-04-16 04:06:54","name":"timewheel","caller":"timewheel/timewheel.go:148","message":"ticking slot[0],now:Apr 16 04:06:54.872,len:1","op":"advance"}
{"level":"DEBUG","time":"2025-04-16 04:06:55","name":"timewheel","caller":"timewheel/timewheel.go:148","message":"ticking slot[1],now:Apr 16 04:06:55.872,len:0","op":"advance"}
{"level":"INFO","time":"2025-04-16 04:06:55","name":"timewheel","caller":"timewheel/timewheel.go:135","message":"closed","op":"close"}
{"level":"INFO","time":"2025-04-16 04:08:11","name":"timewheel","caller":"timewheel/timewheel.go:116","message":"started","op":"start"}
{"level":"DEBUG","time":"2025-04-16 04:08:11","name":"timewheel","caller":"timewheel/timewheel.go:200","message":"submit into slots[0],len:1","op":"submit"}
{"level":"DEBUG","time":"2025-04-16 04:08:12","name":"timewheel","caller":"timewheel/timewheel.go:148","message":"ticking slot[0],now:Apr 16 04:08:12.266,len:1","op":"advance"}
{"level":"DEBUG","time":"2025-04-16 04:08:12","name":"timewheel","caller":"timewheel/timewheel.go:200","message":"submit into slots[0],len:2","op":"submit"}
{"level":"DEBUG","time":"2025-04-16 04:08:13","name":"timewheel","caller":"timewheel/timewheel.go:148","message":"ticking slot[1],now:Apr 16 04:08:13.266,len:0","op":"advance"}
{"level":"DEBUG","time":"2025-04-16 04:08:14","name":"timewheel","caller":"timewheel/timewheel.go:148","message":"ticking slot[0],now:Apr 16 04:08:14.265,len:0","op":"advance"}
{"level":"DEBUG","time":"2025-04-16 04:08:15","name":"timewheel","caller":"timewheel/timewheel.go:148","message":"ticking slot[1],now:Apr 16 04:08:15.265,len:0","op":"advance"}
{"level":"INFO","time":"2025-04-16 04:08:15","name":"timewheel","caller":"timewheel/timewheel.go:135","message":"closed","op":"close"}
{"level":"INFO","time":"2025-04-16 04:10:05","name":"timewheel","caller":"timewheel/timewheel.go:116","message":"started","op":"start"}
{"level":"DEBUG","time":"2025-04-16 04:10:05","name":"timewheel","caller":"timewheel/timewheel.go:200","message":"submit into slots[0],len:1","op":"submit"}
{"level":"DEBUG","time":"2025-04-16 04:10:06","name":"timewheel","caller":"timewheel/timewheel.go:148","message":"ticking slot[0],now:Apr 16 04:10:06.731,len:1","op":"advance"}
{"level":"DEBUG","time":"2025-04-16 04:10:06","name":"timewheel","caller":"timewheel/timewheel.go:200","message":"submit into slots[0],len:1","op":"submit"}
{"level":"DEBUG","time":"2025-04-16 04:10:07","name":"timewheel","caller":"timewheel/timewheel.go:148","message":"ticking slot[1],now:Apr 16 04:10:07.731,len:0","op":"advance"}
{"level":"DEBUG","time":"2025-04-16 04:10:07","name":"timewheel","caller":"timewheel/timewheel.go:200","message":"submit into slots[1],len:1","op":"submit"}
{"level":"DEBUG","time":"2025-04-16 04:10:08","name":"timewheel","caller":"timewheel/timewheel.go:148","message":"ticking slot[0],now:Apr 16 04:10:08.731,len:1","op":"advance"}
{"level":"DEBUG","time":"2025-04-16 04:10:08","name":"timewheel","caller":"timewheel/timewheel.go:200","message":"submit into slots[0],len:1","op":"submit"}
{"level":"DEBUG","time":"2025-04-16 04:10:09","name":"timewheel","caller":"timewheel/timewheel.go:148","message":"ticking slot[1],now:Apr 16 04:10:09.731,len:1","op":"advance"}
{"level":"DEBUG","time":"2025-04-16 04:10:09","name":"timewheel","caller":"timewheel/timewheel.go:200","message":"submit into slots[1],len:1","op":"submit"}
{"level":"DEBUG","time":"2025-04-16 04:10:10","name":"timewheel","caller":"timewheel/timewheel.go:148","message":"ticking slot[0],now:Apr 16 04:10:10.731,len:1","op":"advance"}
{"level":"DEBUG","time":"2025-04-16 04:10:10","name":"timewheel","caller":"timewheel/timewheel.go:200","message":"submit into slots[0],len:1","op":"submit"}
{"level":"DEBUG","time":"2025-04-16 04:10:11","name":"timewheel","caller":"timewheel/timewheel.go:148","message":"ticking slot[1],now:Apr 16 04:10:11.731,len:1","op":"advance"}
{"level":"DEBUG","time":"2025-04-16 04:10:11","name":"timewheel","caller":"timewheel/timewheel.go:200","message":"submit into slots[1],len:1","op":"submit"}
{"level":"DEBUG","time":"2025-04-16 04:10:12","name":"timewheel","caller":"timewheel/timewheel.go:148","message":"ticking slot[0],now:Apr 16 04:10:12.731,len:1","op":"advance"}
{"level":"DEBUG","time":"2025-04-16 04:10:12","name":"timewheel","caller":"timewheel/timewheel.go:200","message":"submit into slots[0],len:1","op":"submit"}
{"level":"DEBUG","time":"2025-04-16 04:10:13","name":"timewheel","caller":"timewheel/timewheel.go:148","message":"ticking slot[1],now:Apr 16 04:10:13.731,len:1","op":"advance"}
{"level":"DEBUG","time":"2025-04-16 04:10:13","name":"timewheel","caller":"timewheel/timewheel.go:200","message":"submit into slots[1],len:1","op":"submit"}
{"level":"DEBUG","time":"2025-04-16 04:10:14","name":"timewheel","caller":"timewheel/timewheel.go:148","message":"ticking slot[0],now:Apr 16 04:10:14.731,len:1","op":"advance"}
{"level":"DEBUG","time":"2025-04-16 04:10:14","name":"timewheel","caller":"timewheel/timewheel.go:200","message":"submit into slots[0],len:1","op":"submit"}
{"level":"DEBUG","time":"2025-04-16 04:10:15","name":"timewheel","caller":"timewheel/timewheel.go:148","message":"ticking slot[1],now:Apr 16 04:10:15.731,len:1","op":"advance"}
{"level":"DEBUG","time":"2025-04-16 04:10:15","name":"timewheel","caller":"timewheel/timewheel.go:200","message":"submit into slots[1],len:1","op":"submit"}
{"level":"DEBUG","time":"2025-04-16 04:10:16","name":"timewheel","caller":"timewheel/timewheel.go:148","message":"ticking slot[0],now:Apr 16 04:10:16.731,len:1","op":"advance"}
{"level":"DEBUG","time":"2025-04-16 04:10:16","name":"timewheel","caller":"timewheel/timewheel.go:200","message":"submit into slots[0],len:1","op":"submit"}
{"level":"DEBUG","time":"2025-04-16 04:10:17","name":"timewheel","caller":"timewheel/timewheel.go:148","message":"ticking slot[1],now:Apr 16 04:10:17.731,len:1","op":"advance"}
{"level":"DEBUG","time":"2025-04-16 04:10:17","name":"timewheel","caller":"timewheel/timewheel.go:200","message":"submit into slots[1],len:1","op":"submit"}
{"level":"DEBUG","time":"2025-04-16 04:10:18","name":"timewheel","caller":"timewheel/timewheel.go:148","message":"ticking slot[0],now:Apr 16 04:10:18.731,len:1","op":"advance"}
{"level":"DEBUG","time":"2025-04-16 04:10:18","name":"timewheel","caller":"timewheel/timewheel.go:200","message":"submit into slots[0],len:1","op":"submit"}
{"level":"DEBUG","time":"2025-04-16 04:10:19","name":"timewheel","caller":"timewheel/timewheel.go:148","message":"ticking slot[1],now:Apr 16 04:10:19.731,len:1","op":"advance"}
{"level":"DEBUG","time":"2025-04-16 04:10:19","name":"timewheel","caller":"timewheel/timewheel.go:200","message":"submit into slots[1],len:1","op":"submit"}
{"level":"DEBUG","time":"2025-04-16 04:10:20","name":"timewheel","caller":"timewheel/timewheel.go:148","message":"ticking slot[0],now:Apr 16 04:10:20.731,len:1","op":"advance"}
{"level":"DEBUG","time":"2025-04-16 04:10:20","name":"timewheel","caller":"timewheel/timewheel.go:200","message":"submit into slots[0],len:1","op":"submit"}
{"level":"DEBUG","time":"2025-04-16 04:10:21","name":"timewheel","caller":"timewheel/timewheel.go:148","message":"ticking slot[1],now:Apr 16 04:10:21.731,len:1","op":"advance"}
{"level":"DEBUG","time":"2025-04-16 04:10:21","name":"timewheel","caller":"timewheel/timewheel.go:200","message":"submit into slots[1],len:1","op":"submit"}
{"level":"DEBUG","time":"2025-04-16 04:10:22","name":"timewheel","caller":"timewheel/timewheel.go:148","message":"ticking slot[0],now:Apr 16 04:10:22.731,len:1","op":"advance"}
{"level":"DEBUG","time":"2025-04-16 04:10:22","name":"timewheel","caller":"timewheel/timewheel.go:200","message":"submit into slots[0],len:1","op":"submit"}
{"level":"DEBUG","time":"2025-04-16 04:10:23","name":"timewheel","caller":"timewheel/timewheel.go:148","message":"ticking slot[1],now:Apr 16 04:10:23.731,len:1","op":"advance"}
{"level":"DEBUG","time":"2025-04-16 04:10:23","name":"timewheel","caller":"timewheel/timewheel.go:200","message":"submit into slots[1],len:1","op":"submit"}
{"level":"DEBUG","time":"2025-04-16 04:10:24","name":"timewheel","caller":"timewheel/timewheel.go:148","message":"ticking slot[0],now:Apr 16 04:10:24.731,len:1","op":"advance"}
{"level":"DEBUG","time":"2025-04-16 04:10:24","name":"timewheel","caller":"timewheel/timewheel.go:200","message":"submit into slots[0],len:1","op":"submit"}
{"level":"DEBUG","time":"2025-04-16 04:10:25","name":"timewheel","caller":"timewheel/timewheel.go:148","message":"ticking slot[1],now:Apr 16 04:10:25.731,len:1","op":"advance"}
{"level":"DEBUG","time":"2025-04-16 04:10:26","name":"timewheel","caller":"timewheel/timewheel.go:148","message":"ticking slot[0],now:Apr 16 04:10:26.731,len:1","op":"advance"}
{"level":"DEBUG","time":"2025-04-16 04:10:27","name":"timewheel","caller":"timewheel/timewheel.go:148","message":"ticking slot[1],now:Apr 16 04:10:27.731,len:0","op":"advance"}
{"level":"INFO","time":"2025-04-16 04:10:27","name":"timewheel","caller":"timewheel/timewheel.go:135","message":"closed","op":"close"}
{"level":"INFO","time":"2025-04-16 04:11:23","name":"timewheel","caller":"timewheel/timewheel.go:116","message":"started","op":"start"}
{"level":"DEBUG","time":"2025-04-16 04:11:23","name":"timewheel","caller":"timewheel/timewheel.go:200","message":"submit into slots[0],len:1","op":"submit"}
{"level":"DEBUG","time":"2025-04-16 04:11:23","name":"timewheel","caller":"timewheel/timewheel.go:200","message":"submit into slots[0],len:2","op":"submit"}
{"level":"DEBUG","time":"2025-04-16 04:11:23","name":"timewheel","caller":"timewheel/timewheel.go:200","message":"submit into slots[0],len:3","op":"submit"}
{"level":"DEBUG","time":"2025-04-16 04:11:23","name":"timewheel","caller":"timewheel/timewheel.go:200","message":"submit into slots[0],len:4","op":"submit"}
{"level":"DEBUG","time":"2025-04-16 04:11:23","name":"timewheel","caller":"timewheel/timewheel.go:200","message":"submit into slots[0],len:5","op":"submit"}
{"level":"DEBUG","time":"2025-04-16 04:11:23","name":"timewheel","caller":"timewheel/timewheel.go:200","message":"submit into slots[0],len:6","op":"submit"}
{"level":"DEBUG","time":"2025-04-16 04:11:23","name":"timewheel","caller":"timewheel/timewheel.go:200","message":"submit into slots[0],len:7","op":"submit"}
{"level":"DEBUG","time":"2025-04-16 04:11:23","name":"timewheel","caller":"timewheel/timewheel.go:200","message":"submit into slots[0],len:8","op":"submit"}
{"level":"DEBUG","time":"2025-04-16 04:11:23","name":"timewheel","caller":"timewheel/timewheel.go:200","message":"submit into slots[0],len:9","op":"submit"}
{"level":"DEBUG","time":"2025-04-16 04:11:23","name":"timewheel","caller":"timewheel/timewheel.go:200","message":"submit into slots[0],len:10","op":"submit"}
{"level":"DEBUG","time":"2025-04-16 04:11:23","name":"timewheel","caller":"timewheel/timewheel.go:200","message":"submit into slots[0],len:11","op":"submit"}
{"level":"DEBUG","time":"2025-04-16 04:11:23","name":"timewheel","caller":"timewheel/timewheel.go:200","message":"submit into slots[0],len:12","op":"submit"}
{"level":"DEBUG","time":"2025-04-16 04:11:23","name":"timewheel","caller":"timewheel/timewheel.go:200","message":"submit into slots[0],len:13","op":"submit"}
{"level":"DEBUG","time":"2025-04-16 04:11:23","name":"timewheel","caller":"timewheel/timewheel.go:200","message":"submit into slots[0],len:14","op":"submit"}
{"level":"DEBUG","time":"2025-04-16 04:11:23","name":"timewheel","caller":"timewheel/timewheel.go:200","message":"submit into slots[0],len:15","op":"submit"}
{"level":"DEBUG","time":"2025-04-16 04:11:23","name":"timewheel","caller":"timewheel/timewheel.go:200","message":"submit into slots[0],len:16","op":"submit"}
{"level":"DEBUG","time":"2025-04-16 04:11:23","name":"timewheel","caller":"timewheel/timewheel.go:200","message":"submit into slots[0],len:17","op":"submit"}
{"level":"DEBUG","time":"2025-04-16 04:11:23","name":"timewheel","caller":"timewheel/timewheel.go:200","message":"submit into slots[0],len:18","op":"submit"}
{"level":"DEBUG","time":"2025-04-16 04:11:23","name":"timewheel","caller":"timewheel/timewheel.go:200","message":"submit into slots[0],len:19","op":"submit"}
{"level":"DEBUG","time":"2025-04-16 04:11:23","name":"timewheel","caller":"timewheel/timewheel.go:200","message":"submit into slots[0],len:20","op":"submit"}
{"level":"DEBUG","time":"2025-04-16 04:11:24","name":"timewheel","caller":"timewheel/timewheel.go:148","message":"ticking slot[0],now:Apr 16 04:11:24.038,len:20","op":"advance"}
{"level":"DEBUG","time":"2025-04-16 04:11:25","name":"timewheel","caller":"timewheel/timewheel.go:148","message":"ticking slot[1],now:Apr 16 04:11:25.038,len:0","op":"advance"}
{"level":"INFO","time":"2025-04-16 04:11:25","name":"timewheel","caller":"timewheel/timewheel.go:135","message":"closed","op":"close"}
{"level":"INFO","time":"2025-04-16 04:13:28","name":"timewheel","caller":"timewheel/timewheel.go:116","message":"started","op":"start"}
{"level":"DEBUG","time":"2025-04-16 04:13:38","name":"timewheel","caller":"timewheel/timewheel.go:200","message":"submit into slots[0],len:1","op":"submit"}
{"level":"DEBUG","time":"2025-04-16 04:13:38","name":"timewheel","caller":"timewheel/timewheel.go:148","message":"ticking slot[1],now:Apr 16 04:13:29.809,len:0","op":"advance"}
{"level":"DEBUG","time":"2025-04-16 04:13:38","name":"timewheel","caller":"timewheel/timewheel.go:148","message":"ticking slot[1],now:Apr 16 04:13:35.809,len:0","op":"advance"}
{"level":"DEBUG","time":"2025-04-16 04:13:38","name":"timewheel","caller":"timewheel/timewheel.go:200","message":"submit into slots[1],len:1","op":"submit"}
{"level":"DEBUG","time":"2025-04-16 04:13:38","name":"timewheel","caller":"timewheel/timewheel.go:200","message":"submit into slots[1],len:1","op":"submit"}
{"level":"INFO","time":"2025-04-16 04:13:56","name":"timewheel","caller":"timewheel/timewheel.go:116","message":"started","op":"start"}
{"level":"ERROR","time":"2025-04-16 04:13:56","name":"timewheel","caller":"timewheel/timewheel.go:181","message":"delay 30s exceeds max interval 2s","op":"submit"}
{"level":"INFO","time":"2025-04-16 04:13:56","name":"timewheel","caller":"timewheel/timewheel.go:135","message":"closed","op":"close"}
{"level":"INFO","time":"2025-04-16 04:14:12","name":"timewheel","caller":"timewheel/timewheel.go:116","message":"started","op":"start"}
{"level":"DEBUG","time":"2025-04-16 04:14:12","name":"timewheel","caller":"timewheel/timewheel.go:200","message":"submit into slots[0],len:1","op":"submit"}
{"level":"DEBUG","time":"2025-04-16 04:14:12","name":"timewheel","caller":"timewheel/timewheel.go:200","message":"submit into slots[0],len:2","op":"submit"}
{"level":"DEBUG","time":"2025-04-16 04:14:12","name":"timewheel","caller":"timewheel/timewheel.go:200","message":"submit into slots[0],len:3","op":"submit"}
{"level":"DEBUG","time":"2025-04-16 04:14:12","name":"timewheel","caller":"timewheel/timewheel.go:200","message":"submit into slots[0],len:4","op":"submit"}
{"level":"DEBUG","time":"2025-04-16 04:14:12","name":"timewheel","caller":"timewheel/timewheel.go:200","message":"submit into slots[0],len:5","op":"submit"}
{"level":"DEBUG","time":"2025-04-16 04:14:12","name":"timewheel","caller":"timewheel/timewheel.go:200","message":"submit into slots[0],len:6","op":"submit"}
{"level":"DEBUG","time":"2025-04-16 04:14:12","name":"timewheel","caller":"timewheel/timewheel.go:200","message":"submit into slots[0],len:7","op":"submit"}
{"level":"DEBUG","time":"2025-04-16 04:14:12","name":"timewheel","caller":"timewheel/timewheel.go:200","message":"submit into slots[0],len:8","op":"submit"}
{"level":"DEBUG","time":"2025-04-16 04:14:12","name":"timewheel","caller":"timewheel/timewheel.go:200","message":"submit into slots[0],len:9","op":"submit"}
{"level":"DEBUG","time":"2025-04-16 04:14:12","name":"timewheel","caller":"timewheel/timewheel.go:200","message":"submit into slots[0],len:10","op":"submit"}
{"level":"DEBUG","time":"2025-04-16 04:14:12","name":"timewheel","caller":"timewheel/timewheel.go:200","message":"submit into slots[0],len:11","op":"submit"}
{"level":"DEBUG","time":"2025-04-16 04:14:12","name":"timewheel","caller":"timewheel/timewheel.go:200","message":"submit into slots[0],len:12","op":"submit"}
{"level":"DEBUG","time":"2025-04-16 04:14:12","name":"timewheel","caller":"timewheel/timewheel.go:200","message":"submit into slots[0],len:13","op":"submit"}
{"level":"DEBUG","time":"2025-04-16 04:14:12","name":"timewheel","caller":"timewheel/timewheel.go:200","message":"submit into slots[0],len:14","op":"submit"}
{"level":"DEBUG","time":"2025-04-16 04:14:12","name":"timewheel","caller":"timewheel/timewheel.go:200","message":"submit into slots[0],len:15","op":"submit"}
{"level":"DEBUG","time":"2025-04-16 04:14:12","name":"timewheel","caller":"timewheel/timewheel.go:200","message":"submit into slots[0],len:16","op":"submit"}
{"level":"DEBUG","time":"2025-04-16 04:14:12","name":"timewheel","caller":"timewheel/timewheel.go:200","message":"submit into slots[0],len:17","op":"submit"}
{"level":"DEBUG","time":"2025-04-16 04:14:12","name":"timewheel","caller":"timewheel/timewheel.go:200","message":"submit into slots[0],len:18","op":"submit"}
{"level":"DEBUG","time":"2025-04-16 04:14:12","name":"timewheel","caller":"timewheel/timewheel.go:200","message":"submit into slots[0],len:19","op":"submit"}
{"level":"DEBUG","time":"2025-04-16 04:14:12","name":"timewheel","caller":"timewheel/timewheel.go:200","message":"submit into slots[0],len:20","op":"submit"}
{"level":"DEBUG","time":"2025-04-16 04:14:13","name":"timewheel","caller":"timewheel/timewheel.go:148","message":"ticking slot[1],now:Apr 16 04:14:13.182,len:0","op":"advance"}
{"level":"DEBUG","time":"2025-04-16 04:14:14","name":"timewheel","caller":"timewheel/timewheel.go:148","message":"ticking slot[0],now:Apr 16 04:14:14.182,len:20","op":"advance"}
{"level":"INFO","time":"2025-04-16 04:14:14","name":"timewheel","caller":"timewheel/timewheel.go:135","message":"closed","op":"close"}
{"level":"INFO","time":"2025-04-16 04:15:04","name":"timewheel","caller":"timewheel/timewheel.go:116","message":"started","op":"start"}
{"level":"ERROR","time":"2025-04-16 04:15:04","name":"timewheel","caller":"timewheel/timewheel.go:181","message":"delay 3s exceeds max interval 2s","op":"submit"}
{"level":"INFO","time":"2025-04-16 04:15:04","name":"timewheel","caller":"timewheel/timewheel.go:135","message":"closed","op":"close"}
{"level":"INFO","time":"2025-04-16 04:15:19","name":"timewheel","caller":"timewheel/timewheel.go:116","message":"started","op":"start"}
{"level":"DEBUG","time":"2025-04-16 04:15:19","name":"timewheel","caller":"timewheel/timewheel.go:200","message":"submit into slots[0],len:1","op":"submit"}
{"level":"DEBUG","time":"2025-04-16 04:15:19","name":"timewheel","caller":"timewheel/timewheel.go:200","message":"submit into slots[0],len:2","op":"submit"}
{"level":"DEBUG","time":"2025-04-16 04:15:19","name":"timewheel","caller":"timewheel/timewheel.go:200","message":"submit into slots[0],len:3","op":"submit"}
{"level":"DEBUG","time":"2025-04-16 04:15:19","name":"timewheel","caller":"timewheel/timewheel.go:200","message":"submit into slots[0],len:4","op":"submit"}
{"level":"DEBUG","time":"2025-04-16 04:15:19","name":"timewheel","caller":"timewheel/timewheel.go:200","message":"submit into slots[0],len:5","op":"submit"}
{"level":"DEBUG","time":"2025-04-16 04:15:19","name":"timewheel","caller":"timewheel/timewheel.go:200","message":"submit into slots[0],len:6","op":"submit"}
{"level":"DEBUG","time":"2025-04-16 04:15:19","name":"timewheel","caller":"timewheel/timewheel.go:200","message":"submit into slots[0],len:7","op":"submit"}
{"level":"DEBUG","time":"2025-04-16 04:15:19","name":"timewheel","caller":"timewheel/timewheel.go:200","message":"submit into slots[0],len:8","op":"submit"}
{"level":"DEBUG","time":"2025-04-16 04:15:19","name":"timewheel","caller":"timewheel/timewheel.go:200","message":"submit into slots[0],len:9","op":"submit"}
{"level":"DEBUG","time":"2025-04-16 04:15:19","name":"timewheel","caller":"timewheel/timewheel.go:200","message":"submit into slots[0],len:10","op":"submit"}
{"level":"DEBUG","time":"2025-04-16 04:15:19","name":"timewheel","caller":"timewheel/timewheel.go:200","message":"submit into slots[0],len:11","op":"submit"}
{"level":"DEBUG","time":"2025-04-16 04:15:19","name":"timewheel","caller":"timewheel/timewheel.go:200","message":"submit into slots[0],len:12","op":"submit"}
{"level":"DEBUG","time":"2025-04-16 04:15:19","name":"timewheel","caller":"timewheel/timewheel.go:200","message":"submit into slots[0],len:13","op":"submit"}
{"level":"DEBUG","time":"2025-04-16 04:15:19","name":"timewheel","caller":"timewheel/timewheel.go:200","message":"submit into slots[0],len:14","op":"submit"}
{"level":"DEBUG","time":"2025-04-16 04:15:19","name":"timewheel","caller":"timewheel/timewheel.go:200","message":"submit into slots[0],len:15","op":"submit"}
{"level":"DEBUG","time":"2025-04-16 04:15:19","name":"timewheel","caller":"timewheel/timewheel.go:200","message":"submit into slots[0],len:16","op":"submit"}
{"level":"DEBUG","time":"2025-04-16 04:15:19","name":"timewheel","caller":"timewheel/timewheel.go:200","message":"submit into slots[0],len:17","op":"submit"}
{"level":"DEBUG","time":"2025-04-16 04:15:19","name":"timewheel","caller":"timewheel/timewheel.go:200","message":"submit into slots[0],len:18","op":"submit"}
{"level":"DEBUG","time":"2025-04-16 04:15:19","name":"timewheel","caller":"timewheel/timewheel.go:200","message":"submit into slots[0],len:19","op":"submit"}
{"level":"DEBUG","time":"2025-04-16 04:15:19","name":"timewheel","caller":"timewheel/timewheel.go:200","message":"submit into slots[0],len:20","op":"submit"}
{"level":"DEBUG","time":"2025-04-16 04:15:19","name":"timewheel","caller":"timewheel/timewheel.go:200","message":"submit into slots[0],len:21","op":"submit"}
{"level":"DEBUG","time":"2025-04-16 04:15:19","name":"timewheel","caller":"timewheel/timewheel.go:200","message":"submit into slots[0],len:22","op":"submit"}
{"level":"DEBUG","time":"2025-04-16 04:15:19","name":"timewheel","caller":"timewheel/timewheel.go:200","message":"submit into slots[0],len:23","op":"submit"}
{"level":"DEBUG","time":"2025-04-16 04:15:19","name":"timewheel","caller":"timewheel/timewheel.go:200","message":"submit into slots[0],len:24","op":"submit"}
{"level":"DEBUG","time":"2025-04-16 04:15:19","name":"timewheel","caller":"timewheel/timewheel.go:200","message":"submit into slots[0],len:25","op":"submit"}
{"level":"DEBUG","time":"2025-04-16 04:15:19","name":"timewheel","caller":"timewheel/timewheel.go:200","message":"submit into slots[0],len:26","op":"submit"}
{"level":"DEBUG","time":"2025-04-16 04:15:19","name":"timewheel","caller":"timewheel/timewheel.go:200","message":"submit into slots[0],len:27","op":"submit"}
{"level":"DEBUG","time":"2025-04-16 04:15:19","name":"timewheel","caller":"timewheel/timewheel.go:200","message":"submit into slots[0],len:28","op":"submit"}
{"level":"DEBUG","time":"2025-04-16 04:15:19","name":"timewheel","caller":"timewheel/timewheel.go:200","message":"submit into slots[0],len:29","op":"submit"}
{"level":"DEBUG","time":"2025-04-16 04:15:19","name":"timewheel","caller":"timewheel/timewheel.go:200","message":"submit into slots[0],len:30","op":"submit"}
{"level":"DEBUG","time":"2025-04-16 04:15:19","name":"timewheel","caller":"timewheel/timewheel.go:200","message":"submit into slots[0],len:31","op":"submit"}
{"level":"DEBUG","time":"2025-04-16 04:15:19","name":"timewheel","caller":"timewheel/timewheel.go:200","message":"submit into slots[0],len:32","op":"submit"}
{"level":"DEBUG","time":"2025-04-16 04:15:19","name":"timewheel","caller":"timewheel/timewheel.go:200","message":"submit into slots[0],len:33","op":"submit"}
{"level":"DEBUG","time":"2025-04-16 04:15:19","name":"timewheel","caller":"timewheel/timewheel.go:200","message":"submit into slots[0],len:34","op":"submit"}
{"level":"DEBUG","time":"2025-04-16 04:15:19","name":"timewheel","caller":"timewheel/timewheel.go:200","message":"submit into slots[0],len:35","op":"submit"}
{"level":"DEBUG","time":"2025-04-16 04:15:19","name":"timewheel","caller":"timewheel/timewheel.go:200","message":"submit into slots[0],len:36","op":"submit"}
{"level":"DEBUG","time":"2025-04-16 04:15:19","name":"timewheel","caller":"timewheel/timewheel.go:200","message":"submit into slots[0],len:37","op":"submit"}
{"level":"DEBUG","time":"2025-04-16 04:15:19","name":"timewheel","caller":"timewheel/timewheel.go:200","message":"submit into slots[0],len:38","op":"submit"}
{"level":"DEBUG","time":"2025-04-16 04:15:19","name":"timewheel","caller":"timewheel/timewheel.go:200","message":"submit into slots[0],len:39","op":"submit"}
{"level":"DEBUG","time":"2025-04-16 04:15:19","name":"timewheel","caller":"timewheel/timewheel.go:200","message":"submit into slots[0],len:40","op":"submit"}
{"level":"DEBUG","time":"2025-04-16 04:15:19","name":"timewheel","caller":"timewheel/timewheel.go:148","message":"ticking slot[19],now:Apr 16 04:15:19.967,len:0","op":"advance"}
{"level":"DEBUG","time":"2025-04-16 04:15:20","name":"timewheel","caller":"timewheel/timewheel.go:148","message":"ticking slot[0],now:Apr 16 04:15:20.067,len:40","op":"advance"}
{"level":"DEBUG","time":"2025-04-16 04:15:20","name":"timewheel","caller":"timewheel/timewheel.go:148","message":"ticking slot[0],now:Apr 16 04:15:20.167,len:0","op":"advance"}
{"level":"DEBUG","time":"2025-04-16 04:15:20","name":"timewheel","caller":"timewheel/timewheel.go:148","message":"ticking slot[0],now:Apr 16 04:15:20.267,len:0","op":"advance"}
{"level":"DEBUG","time":"2025-04-16 04:15:20","name":"timewheel","caller":"timewheel/timewheel.go:148","message":"ticking slot[0],now:Apr 16 04:15:20.367,len:0","op":"advance"}
{"level":"DEBUG","time":"2025-04-16 04:15:20","name":"timewheel","caller":"timewheel/timewheel.go:148","message":"ticking slot[0],now:Apr 16 04:15:20.467,len:0","op":"advance"}
{"level":"DEBUG","time":"2025-04-16 04:15:20","name":"timewheel","caller":"timewheel/timewheel.go:148","message":"ticking slot[0],now:Apr 16 04:15:20.567,len:0","op":"advance"}
{"level":"DEBUG","time":"2025-04-16 04:15:20","name":"timewheel","caller":"timewheel/timewheel.go:148","message":"ticking slot[0],now:Apr 16 04:15:20.667,len:0","op":"advance"}
{"level":"DEBUG","time":"2025-04-16 04:15:20","name":"timewheel","caller":"timewheel/timewheel.go:148","message":"ticking slot[0],now:Apr 16 04:15:20.767,len:0","op":"advance"}
{"level":"DEBUG","time":"2025-04-16 04:15:20","name":"timewheel","caller":"timewheel/timewheel.go:148","message":"ticking slot[0],now:Apr 16 04:15:20.867,len:0","op":"advance"}
{"level":"DEBUG","time":"2025-04-16 04:15:20","name":"timewheel","caller":"timewheel/timewheel.go:148","message":"ticking slot[0],now:Apr 16 04:15:20.967,len:0","op":"advance"}
{"level":"DEBUG","time":"2025-04-16 04:15:21","name":"timewheel","caller":"timewheel/timewheel.go:148","message":"ticking slot[1],now:Apr 16 04:15:21.067,len:0","op":"advance"}
{"level":"DEBUG","time":"2025-04-16 04:15:21","name":"timewheel","caller":"timewheel/timewheel.go:148","message":"ticking slot[1],now:Apr 16 04:15:21.167,len:0","op":"advance"}
{"level":"DEBUG","time":"2025-04-16 04:15:21","name":"timewheel","caller":"timewheel/timewheel.go:148","message":"ticking slot[1],now:Apr 16 04:15:21.267,len:0","op":"advance"}
{"level":"DEBUG","time":"2025-04-16 04:15:21","name":"timewheel","caller":"timewheel/timewheel.go:148","message":"ticking slot[1],now:Apr 16 04:15:21.367,len:0","op":"advance"}
{"level":"DEBUG","time":"2025-04-16 04:15:21","name":"timewheel","caller":"timewheel/timewheel.go:148","message":"ticking slot[1],now:Apr 16 04:15:21.467,len:0","op":"advance"}
{"level":"DEBUG","time":"2025-04-16 04:15:21","name":"timewheel","caller":"timewheel/timewheel.go:148","message":"ticking slot[1],now:Apr 16 04:15:21.567,len:0","op":"advance"}
{"level":"DEBUG","time":"2025-04-16 04:15:21","name":"timewheel","caller":"timewheel/timewheel.go:148","message":"ticking slot[1],now:Apr 16 04:15:21.667,len:0","op":"advance"}
{"level":"DEBUG","time":"2025-04-16 04:15:21","name":"timewheel","caller":"timewheel/timewheel.go:148","message":"ticking slot[1],now:Apr 16 04:15:21.767,len:0","op":"advance"}
{"level":"DEBUG","time":"2025-04-16 04:15:21","name":"timewheel","caller":"timewheel/timewheel.go:148","message":"ticking slot[1],now:Apr 16 04:15:21.867,len:0","op":"advance"}
{"level":"INFO","time":"2025-04-16 04:15:21","name":"timewheel","caller":"timewheel/timewheel.go:135","message":"closed","op":"close"}
{"level":"INFO","time":"2025-04-16 04:16:20","name":"timewheel","caller":"timewheel/timewheel.go:116","message":"started","op":"start"}
{"level":"DEBUG","time":"2025-04-16 04:16:20","name":"timewheel","caller":"timewheel/timewheel.go:200","message":"submit into slots[0],len:1","op":"submit"}
{"level":"DEBUG","time":"2025-04-16 04:16:20","name":"timewheel","caller":"timewheel/timewheel.go:200","message":"submit into slots[0],len:2","op":"submit"}
{"level":"DEBUG","time":"2025-04-16 04:16:20","name":"timewheel","caller":"timewheel/timewheel.go:200","message":"submit into slots[0],len:3","op":"submit"}
{"level":"DEBUG","time":"2025-04-16 04:16:20","name":"timewheel","caller":"timewheel/timewheel.go:200","message":"submit into slots[0],len:4","op":"submit"}
{"level":"DEBUG","time":"2025-04-16 04:16:20","name":"timewheel","caller":"timewheel/timewheel.go:200","message":"submit into slots[0],len:5","op":"submit"}
{"level":"DEBUG","time":"2025-04-16 04:16:20","name":"timewheel","caller":"timewheel/timewheel.go:200","message":"submit into slots[0],len:6","op":"submit"}
{"level":"DEBUG","time":"2025-04-16 04:16:20","name":"timewheel","caller":"timewheel/timewheel.go:200","message":"submit into slots[0],len:7","op":"submit"}
{"level":"DEBUG","time":"2025-04-16 04:16:20","name":"timewheel","caller":"timewheel/timewheel.go:200","message":"submit into slots[0],len:8","op":"submit"}
{"level":"DEBUG","time":"2025-04-16 04:16:20","name":"timewheel","caller":"timewheel/timewheel.go:200","message":"submit into slots[0],len:9","op":"submit"}
{"level":"DEBUG","time":"2025-04-16 04:16:20","name":"timewheel","caller":"timewheel/timewheel.go:200","message":"submit into slots[0],len:10","op":"submit"}
{"level":"DEBUG","time":"2025-04-16 04:16:20","name":"timewheel","caller":"timewheel/timewheel.go:200","message":"submit into slots[0],len:11","op":"submit"}
{"level":"DEBUG","time":"2025-04-16 04:16:20","name":"timewheel","caller":"timewheel/timewheel.go:200","message":"submit into slots[0],len:12","op":"submit"}
{"level":"DEBUG","time":"2025-04-16 04:16:20","name":"timewheel","caller":"timewheel/timewheel.go:200","message":"submit into slots[0],len:13","op":"submit"}
{"level":"DEBUG","time":"2025-04-16 04:16:20","name":"timewheel","caller":"timewheel/timewheel.go:200","message":"submit into slots[0],len:14","op":"submit"}
{"level":"DEBUG","time":"2025-04-16 04:16:20","name":"timewheel","caller":"timewheel/timewheel.go:200","message":"submit into slots[0],len:15","op":"submit"}
{"level":"DEBUG","time":"2025-04-16 04:16:20","name":"timewheel","caller":"timewheel/timewheel.go:200","message":"submit into slots[0],len:16","op":"submit"}
{"level":"DEBUG","time":"2025-04-16 04:16:20","name":"timewheel","caller":"timewheel/timewheel.go:200","message":"submit into slots[0],len:17","op":"submit"}
{"level":"DEBUG","time":"2025-04-16 04:16:20","name":"timewheel","caller":"timewheel/timewheel.go:200","message":"submit into slots[0],len:18","op":"submit"}
{"level":"DEBUG","time":"2025-04-16 04:16:20","name":"timewheel","caller":"timewheel/timewheel.go:200","message":"submit into slots[0],len:19","op":"submit"}
{"level":"DEBUG","time":"2025-04-16 04:16:20","name":"timewheel","caller":"timewheel/timewheel.go:200","message":"submit into slots[0],len:20","op":"submit"}
{"level":"DEBUG","time":"2025-04-16 04:16:20","name":"timewheel","caller":"timewheel/timewheel.go:200","message":"submit into slots[0],len:21","op":"submit"}
{"level":"DEBUG","time":"2025-04-16 04:16:20","name":"timewheel","caller":"timewheel/timewheel.go:200","message":"submit into slots[0],len:22","op":"submit"}
{"level":"DEBUG","time":"2025-04-16 04:16:20","name":"timewheel","caller":"timewheel/timewheel.go:200","message":"submit into slots[0],len:23","op":"submit"}
{"level":"DEBUG","time":"2025-04-16 04:16:20","name":"timewheel","caller":"timewheel/timewheel.go:200","message":"submit into slots[0],len:24","op":"submit"}
{"level":"DEBUG","time":"2025-04-16 04:16:20","name":"timewheel","caller":"timewheel/timewheel.go:200","message":"submit into slots[0],len:25","op":"submit"}
{"level":"DEBUG","time":"2025-04-16 04:16:20","name":"timewheel","caller":"timewheel/timewheel.go:200","message":"submit into slots[0],len:26","op":"submit"}
{"level":"DEBUG","time":"2025-04-16 04:16:20","name":"timewheel","caller":"timewheel/timewheel.go:200","message":"submit into slots[0],len:27","op":"submit"}
{"level":"DEBUG","time":"2025-04-16 04:16:20","name":"timewheel","caller":"timewheel/timewheel.go:200","message":"submit into slots[0],len:28","op":"submit"}
{"level":"DEBUG","time":"2025-04-16 04:16:20","name":"timewheel","caller":"timewheel/timewheel.go:200","message":"submit into slots[0],len:29","op":"submit"}
{"level":"DEBUG","time":"2025-04-16 04:16:20","name":"timewheel","caller":"timewheel/timewheel.go:200","message":"submit into slots[0],len:30","op":"submit"}
{"level":"DEBUG","time":"2025-04-16 04:16:20","name":"timewheel","caller":"timewheel/timewheel.go:200","message":"submit into slots[0],len:31","op":"submit"}
{"level":"DEBUG","time":"2025-04-16 04:16:20","name":"timewheel","caller":"timewheel/timewheel.go:200","message":"submit into slots[0],len:32","op":"submit"}
{"level":"DEBUG","time":"2025-04-16 04:16:20","name":"timewheel","caller":"timewheel/timewheel.go:200","message":"submit into slots[0],len:33","op":"submit"}
{"level":"DEBUG","time":"2025-04-16 04:16:20","name":"timewheel","caller":"timewheel/timewheel.go:200","message":"submit into slots[0],len:34","op":"submit"}
{"level":"DEBUG","time":"2025-04-16 04:16:20","name":"timewheel","caller":"timewheel/timewheel.go:200","message":"submit into slots[0],len:35","op":"submit"}
{"level":"DEBUG","time":"2025-04-16 04:16:20","name":"timewheel","caller":"timewheel/timewheel.go:200","message":"submit into slots[0],len:36","op":"submit"}
{"level":"DEBUG","time":"2025-04-16 04:16:20","name":"timewheel","caller":"timewheel/timewheel.go:200","message":"submit into slots[0],len:37","op":"submit"}
{"level":"DEBUG","time":"2025-04-16 04:16:20","name":"timewheel","caller":"timewheel/timewheel.go:200","message":"submit into slots[0],len:38","op":"submit"}
{"level":"DEBUG","time":"2025-04-16 04:16:20","name":"timewheel","caller":"timewheel/timewheel.go:200","message":"submit into slots[0],len:39","op":"submit"}
{"level":"DEBUG","time":"2025-04-16 04:16:20","name":"timewheel","caller":"timewheel/timewheel.go:200","message":"submit into slots[0],len:40","op":"submit"}
{"level":"DEBUG","time":"2025-04-16 04:16:21","name":"timewheel","caller":"timewheel/timewheel.go:148","message":"ticking slot[1],now:Apr 16 04:16:21.087,len:0","op":"advance"}
{"level":"DEBUG","time":"2025-04-16 04:16:21","name":"timewheel","caller":"timewheel/timewheel.go:148","message":"ticking slot[1],now:Apr 16 04:16:21.187,len:0","op":"advance"}
{"level":"DEBUG","time":"2025-04-16 04:16:21","name":"timewheel","caller":"timewheel/timewheel.go:148","message":"ticking slot[1],now:Apr 16 04:16:21.287,len:0","op":"advance"}
{"level":"DEBUG","time":"2025-04-16 04:16:21","name":"timewheel","caller":"timewheel/timewheel.go:148","message":"ticking slot[1],now:Apr 16 04:16:21.387,len:0","op":"advance"}
{"level":"DEBUG","time":"2025-04-16 04:16:21","name":"timewheel","caller":"timewheel/timewheel.go:148","message":"ticking slot[1],now:Apr 16 04:16:21.487,len:0","op":"advance"}
{"level":"DEBUG","time":"2025-04-16 04:16:21","name":"timewheel","caller":"timewheel/timewheel.go:148","message":"ticking slot[1],now:Apr 16 04:16:21.587,len:0","op":"advance"}
{"level":"DEBUG","time":"2025-04-16 04:16:21","name":"timewheel","caller":"timewheel/timewheel.go:148","message":"ticking slot[1],now:Apr 16 04:16:21.687,len:0","op":"advance"}
{"level":"DEBUG","time":"2025-04-16 04:16:21","name":"timewheel","caller":"timewheel/timewheel.go:148","message":"ticking slot[1],now:Apr 16 04:16:21.787,len:0","op":"advance"}
{"level":"DEBUG","time":"2025-04-16 04:16:21","name":"timewheel","caller":"timewheel/timewheel.go:148","message":"ticking slot[1],now:Apr 16 04:16:21.887,len:0","op":"advance"}
{"level":"DEBUG","time":"2025-04-16 04:16:21","name":"timewheel","caller":"timewheel/timewheel.go:148","message":"ticking slot[1],now:Apr 16 04:16:21.987,len:0","op":"advance"}
{"level":"DEBUG","time":"2025-04-16 04:16:22","name":"timewheel","caller":"timewheel/timewheel.go:148","message":"ticking slot[2],now:Apr 16 04:16:22.087,len:0","op":"advance"}
{"level":"DEBUG","time":"2025-04-16 04:16:22","name":"timewheel","caller":"timewheel/timewheel.go:148","message":"ticking slot[2],now:Apr 16 04:16:22.187,len:0","op":"advance"}
{"level":"DEBUG","time":"2025-04-16 04:16:22","name":"timewheel","caller":"timewheel/timewheel.go:148","message":"ticking slot[2],now:Apr 16 04:16:22.287,len:0","op":"advance"}
{"level":"DEBUG","time":"2025-04-16 04:16:22","name":"timewheel","caller":"timewheel/timewheel.go:148","message":"ticking slot[2],now:Apr 16 04:16:22.387,len:0","op":"advance"}
{"level":"DEBUG","time":"2025-04-16 04:16:22","name":"timewheel","caller":"timewheel/timewheel.go:148","message":"ticking slot[2],now:Apr 16 04:16:22.487,len:0","op":"advance"}
{"level":"DEBUG","time":"2025-04-16 04:16:22","name":"timewheel","caller":"timewheel/timewheel.go:148","message":"ticking slot[2],now:Apr 16 04:16:22.587,len:0","op":"advance"}
{"level":"DEBUG","time":"2025-04-16 04:16:22","name":"timewheel","caller":"timewheel/timewheel.go:148","message":"ticking slot[2],now:Apr 16 04:16:22.687,len:0","op":"advance"}
{"level":"DEBUG","time":"2025-04-16 04:16:22","name":"timewheel","caller":"timewheel/timewheel.go:148","message":"ticking slot[2],now:Apr 16 04:16:22.787,len:0","op":"advance"}
{"level":"DEBUG","time":"2025-04-16 04:16:22","name":"timewheel","caller":"timewheel/timewheel.go:148","message":"ticking slot[2],now:Apr 16 04:16:22.887,len:0","op":"advance"}
{"level":"DEBUG","time":"2025-04-16 04:16:22","name":"timewheel","caller":"timewheel/timewheel.go:148","message":"ticking slot[2],now:Apr 16 04:16:22.987,len:0","op":"advance"}
{"level":"INFO","time":"2025-04-16 04:16:22","name":"timewheel","caller":"timewheel/timewheel.go:135","message":"closed","op":"close"}
{"level":"INFO","time":"2025-04-16 04:18:02","name":"timewheel","caller":"timewheel/timewheel.go:116","message":"started","op":"start"}
{"level":"DEBUG","time":"2025-04-16 04:18:02","name":"timewheel","caller":"timewheel/timewheel.go:200","message":"submit into slots[0],len:1","op":"submit"}
{"level":"DEBUG","time":"2025-04-16 04:18:02","name":"timewheel","caller":"timewheel/timewheel.go:200","message":"submit into slots[0],len:2","op":"submit"}
{"level":"DEBUG","time":"2025-04-16 04:18:02","name":"timewheel","caller":"timewheel/timewheel.go:200","message":"submit into slots[0],len:3","op":"submit"}
{"level":"DEBUG","time":"2025-04-16 04:18:02","name":"timewheel","caller":"timewheel/timewheel.go:200","message":"submit into slots[0],len:4","op":"submit"}
{"level":"DEBUG","time":"2025-04-16 04:18:02","name":"timewheel","caller":"timewheel/timewheel.go:200","message":"submit into slots[0],len:5","op":"submit"}
{"level":"DEBUG","time":"2025-04-16 04:18:02","name":"timewheel","caller":"timewheel/timewheel.go:200","message":"submit into slots[0],len:6","op":"submit"}
{"level":"DEBUG","time":"2025-04-16 04:18:02","name":"timewheel","caller":"timewheel/timewheel.go:200","message":"submit into slots[0],len:7","op":"submit"}
{"level":"DEBUG","time":"2025-04-16 04:18:02","name":"timewheel","caller":"timewheel/timewheel.go:200","message":"submit into slots[0],len:8","op":"submit"}
{"level":"DEBUG","time":"2025-04-16 04:18:02","name":"timewheel","caller":"timewheel/timewheel.go:200","message":"submit into slots[0],len:9","op":"submit"}
{"level":"DEBUG","time":"2025-04-16 04:18:02","name":"timewheel","caller":"timewheel/timewheel.go:200","message":"submit into slots[0],len:10","op":"submit"}
{"level":"DEBUG","time":"2025-04-16 04:18:02","name":"timewheel","caller":"timewheel/timewheel.go:200","message":"submit into slots[0],len:11","op":"submit"}
{"level":"DEBUG","time":"2025-04-16 04:18:02","name":"timewheel","caller":"timewheel/timewheel.go:200","message":"submit into slots[0],len:12","op":"submit"}
{"level":"DEBUG","time":"2025-04-16 04:18:02","name":"timewheel","caller":"timewheel/timewheel.go:200","message":"submit into slots[0],len:13","op":"submit"}
{"level":"DEBUG","time":"2025-04-16 04:18:02","name":"timewheel","caller":"timewheel/timewheel.go:200","message":"submit into slots[0],len:14","op":"submit"}
{"level":"DEBUG","time":"2025-04-16 04:18:02","name":"timewheel","caller":"timewheel/timewheel.go:200","message":"submit into slots[0],len:15","op":"submit"}
{"level":"DEBUG","time":"2025-04-16 04:18:02","name":"timewheel","caller":"timewheel/timewheel.go:200","message":"submit into slots[0],len:16","op":"submit"}
{"level":"DEBUG","time":"2025-04-16 04:18:02","name":"timewheel","caller":"timewheel/timewheel.go:200","message":"submit into slots[0],len:17","op":"submit"}
{"level":"DEBUG","time":"2025-04-16 04:18:02","name":"timewheel","caller":"timewheel/timewheel.go:200","message":"submit into slots[0],len:18","op":"submit"}
{"level":"DEBUG","time":"2025-04-16 04:18:02","name":"timewheel","caller":"timewheel/timewheel.go:200","message":"submit into slots[0],len:19","op":"submit"}
{"level":"DEBUG","time":"2025-04-16 04:18:02","name":"timewheel","caller":"timewheel/timewheel.go:200","message":"submit into slots[0],len:20","op":"submit"}
{"level":"DEBUG","time":"2025-04-16 04:18:02","name":"timewheel","caller":"timewheel/timewheel.go:200","message":"submit into slots[0],len:21","op":"submit"}
{"level":"DEBUG","time":"2025-04-16 04:18:02","name":"timewheel","caller":"timewheel/timewheel.go:200","message":"submit into slots[0],len:22","op":"submit"}
{"level":"DEBUG","time":"2025-04-16 04:18:02","name":"timewheel","caller":"timewheel/timewheel.go:200","message":"submit into slots[0],len:23","op":"submit"}
{"level":"DEBUG","time":"2025-04-16 04:18:02","name":"timewheel","caller":"timewheel/timewheel.go:200","message":"submit into slots[0],len:24","op":"submit"}
{"level":"DEBUG","time":"2025-04-16 04:18:02","name":"timewheel","caller":"timewheel/timewheel.go:200","message":"submit into slots[0],len:25","op":"submit"}
{"level":"DEBUG","time":"2025-04-16 04:18:02","name":"timewheel","caller":"timewheel/timewheel.go:200","message":"submit into slots[0],len:26","op":"submit"}
{"level":"DEBUG","time":"2025-04-16 04:18:02","name":"timewheel","caller":"timewheel/timewheel.go:200","message":"submit into slots[0],len:27","op":"submit"}
{"level":"DEBUG","time":"2025-04-16 04:18:02","name":"timewheel","caller":"timewheel/timewheel.go:200","message":"submit into slots[0],len:28","op":"submit"}
{"level":"DEBUG","time":"2025-04-16 04:18:02","name":"timewheel","caller":"timewheel/timewheel.go:200","message":"submit into slots[0],len:29","op":"submit"}
{"level":"DEBUG","time":"2025-04-16 04:18:02","name":"timewheel","caller":"timewheel/timewheel.go:200","message":"submit into slots[0],len:30","op":"submit"}
{"level":"DEBUG","time":"2025-04-16 04:18:02","name":"timewheel","caller":"timewheel/timewheel.go:200","message":"submit into slots[0],len:31","op":"submit"}
{"level":"DEBUG","time":"2025-04-16 04:18:02","name":"timewheel","caller":"timewheel/timewheel.go:200","message":"submit into slots[0],len:32","op":"submit"}
{"level":"DEBUG","time":"2025-04-16 04:18:02","name":"timewheel","caller":"timewheel/timewheel.go:200","message":"submit into slots[0],len:33","op":"submit"}
{"level":"DEBUG","time":"2025-04-16 04:18:02","name":"timewheel","caller":"timewheel/timewheel.go:200","message":"submit into slots[0],len:34","op":"submit"}
{"level":"DEBUG","time":"2025-04-16 04:18:02","name":"timewheel","caller":"timewheel/timewheel.go:200","message":"submit into slots[0],len:35","op":"submit"}
{"level":"DEBUG","time":"2025-04-16 04:18:02","name":"timewheel","caller":"timewheel/timewheel.go:200","message":"submit into slots[0],len:36","op":"submit"}
{"level":"DEBUG","time":"2025-04-16 04:18:02","name":"timewheel","caller":"timewheel/timewheel.go:200","message":"submit into slots[0],len:37","op":"submit"}
{"level":"DEBUG","time":"2025-04-16 04:18:02","name":"timewheel","caller":"timewheel/timewheel.go:200","message":"submit into slots[0],len:38","op":"submit"}
{"level":"DEBUG","time":"2025-04-16 04:18:02","name":"timewheel","caller":"timewheel/timewheel.go:200","message":"submit into slots[0],len:39","op":"submit"}
{"level":"DEBUG","time":"2025-04-16 04:18:02","name":"timewheel","caller":"timewheel/timewheel.go:200","message":"submit into slots[0],len:40","op":"submit"}
{"level":"DEBUG","time":"2025-04-16 04:18:02","name":"timewheel","caller":"timewheel/timewheel.go:148","message":"ticking slot[2],now:Apr 16 04:18:02.653,len:0","op":"advance"}
{"level":"DEBUG","time":"2025-04-16 04:18:02","name":"timewheel","caller":"timewheel/timewheel.go:148","message":"ticking slot[2],now:Apr 16 04:18:02.753,len:0","op":"advance"}
{"level":"DEBUG","time":"2025-04-16 04:18:02","name":"timewheel","caller":"timewheel/timewheel.go:148","message":"ticking slot[2],now:Apr 16 04:18:02.853,len:0","op":"advance"}
{"level":"DEBUG","time":"2025-04-16 04:18:02","name":"timewheel","caller":"timewheel/timewheel.go:148","message":"ticking slot[2],now:Apr 16 04:18:02.953,len:0","op":"advance"}
{"level":"DEBUG","time":"2025-04-16 04:18:03","name":"timewheel","caller":"timewheel/timewheel.go:148","message":"ticking slot[3],now:Apr 16 04:18:03.053,len:0","op":"advance"}
{"level":"DEBUG","time":"2025-04-16 04:18:03","name":"timewheel","caller":"timewheel/timewheel.go:148","message":"ticking slot[3],now:Apr 16 04:18:03.153,len:0","op":"advance"}
{"level":"DEBUG","time":"2025-04-16 04:18:03","name":"timewheel","caller":"timewheel/timewheel.go:148","message":"ticking slot[3],now:Apr 16 04:18:03.253,len:0","op":"advance"}
{"level":"DEBUG","time":"2025-04-16 04:18:03","name":"timewheel","caller":"timewheel/timewheel.go:148","message":"ticking slot[3],now:Apr 16 04:18:03.353,len:0","op":"advance"}
{"level":"DEBUG","time":"2025-04-16 04:18:03","name":"timewheel","caller":"timewheel/timewheel.go:148","message":"ticking slot[3],now:Apr 16 04:18:03.453,len:0","op":"advance"}
{"level":"DEBUG","time":"2025-04-16 04:18:03","name":"timewheel","caller":"timewheel/timewheel.go:148","message":"ticking slot[3],now:Apr 16 04:18:03.553,len:0","op":"advance"}
{"level":"DEBUG","time":"2025-04-16 04:18:03","name":"timewheel","caller":"timewheel/timewheel.go:148","message":"ticking slot[3],now:Apr 16 04:18:03.653,len:0","op":"advance"}
{"level":"DEBUG","time":"2025-04-16 04:18:03","name":"timewheel","caller":"timewheel/timewheel.go:148","message":"ticking slot[3],now:Apr 16 04:18:03.753,len:0","op":"advance"}
{"level":"DEBUG","time":"2025-04-16 04:18:03","name":"timewheel","caller":"timewheel/timewheel.go:148","message":"ticking slot[3],now:Apr 16 04:18:03.853,len:0","op":"advance"}
{"level":"DEBUG","time":"2025-04-16 04:18:03","name":"timewheel","caller":"timewheel/timewheel.go:148","message":"ticking slot[3],now:Apr 16 04:18:03.953,len:0","op":"advance"}
{"level":"DEBUG","time":"2025-04-16 04:18:04","name":"timewheel","caller":"timewheel/timewheel.go:148","message":"ticking slot[4],now:Apr 16 04:18:04.053,len:0","op":"advance"}
{"level":"DEBUG","time":"2025-04-16 04:18:04","name":"timewheel","caller":"timewheel/timewheel.go:148","message":"ticking slot[4],now:Apr 16 04:18:04.153,len:0","op":"advance"}
{"level":"DEBUG","time":"2025-04-16 04:18:04","name":"timewheel","caller":"timewheel/timewheel.go:148","message":"ticking slot[4],now:Apr 16 04:18:04.253,len:0","op":"advance"}
{"level":"DEBUG","time":"2025-04-16 04:18:04","name":"timewheel","caller":"timewheel/timewheel.go:148","message":"ticking slot[4],now:Apr 16 04:18:04.353,len:0","op":"advance"}
{"level":"DEBUG","time":"2025-04-16 04:18:04","name":"timewheel","caller":"timewheel/timewheel.go:148","message":"ticking slot[4],now:Apr 16 04:18:04.453,len:0","op":"advance"}
{"level":"DEBUG","time":"2025-04-16 04:18:04","name":"timewheel","caller":"timewheel/timewheel.go:148","message":"ticking slot[4],now:Apr 16 04:18:04.553,len:0","op":"advance"}
{"level":"INFO","time":"2025-04-16 04:18:04","name":"timewheel","caller":"timewheel/timewheel.go:135","message":"closed","op":"close"}
{"level":"INFO","time":"2025-04-16 04:20:49","name":"timewheel","caller":"timewheel/timewheel.go:116","message":"started","op":"start"}
{"level":"DEBUG","time":"2025-04-16 04:20:55","name":"timewheel","caller":"timewheel/timewheel.go:206","message":"submit into slots[0],len:1","op":"submit"}
{"level":"DEBUG","time":"2025-04-16 04:20:55","name":"timewheel","caller":"timewheel/timewheel.go:152","message":"ticking slot[0], now:Apr 16 04:20:50.554, len:1","op":"advance","tick":1}
{"level":"DEBUG","time":"2025-04-16 04:20:55","name":"timewheel","caller":"timewheel/timewheel.go:206","message":"submit into slots[0],len:2","op":"submit"}
{"level":"DEBUG","time":"2025-04-16 04:20:55","name":"timewheel","caller":"timewheel/timewheel.go:206","message":"submit into slots[0],len:1","op":"submit"}
{"level":"DEBUG","time":"2025-04-16 04:20:55","name":"timewheel","caller":"timewheel/timewheel.go:206","message":"submit into slots[0],len:2","op":"submit"}
{"level":"DEBUG","time":"2025-04-16 04:20:55","name":"timewheel","caller":"timewheel/timewheel.go:206","message":"submit into slots[0],len:3","op":"submit"}
{"level":"DEBUG","time":"2025-04-16 04:20:55","name":"timewheel","caller":"timewheel/timewheel.go:206","message":"submit into slots[0],len:4","op":"submit"}
{"level":"DEBUG","time":"2025-04-16 04:20:55","name":"timewheel","caller":"timewheel/timewheel.go:206","message":"submit into slots[0],len:5","op":"submit"}
{"level":"DEBUG","time":"2025-04-16 04:20:55","name":"timewheel","caller":"timewheel/timewheel.go:206","message":"submit into slots[0],len:6","op":"submit"}
{"level":"DEBUG","time":"2025-04-16 04:20:55","name":"timewheel","caller":"timewheel/timewheel.go:206","message":"submit into slots[0],len:7","op":"submit"}
{"level":"DEBUG","time":"2025-04-16 04:20:55","name":"timewheel","caller":"timewheel/timewheel.go:206","message":"submit into slots[0],len:8","op":"submit"}
{"level":"DEBUG","time":"2025-04-16 04:20:55","name":"timewheel","caller":"timewheel/timewheel.go:206","message":"submit into slots[0],len:9","op":"submit"}
{"level":"DEBUG","time":"2025-04-16 04:20:55","name":"timewheel","caller":"timewheel/timewheel.go:206","message":"submit into slots[0],len:10","op":"submit"}
{"level":"DEBUG","time":"2025-04-16 04:20:55","name":"timewheel","caller":"timewheel/timewheel.go:206","message":"submit into slots[0],len:11","op":"submit"}
{"level":"DEBUG","time":"2025-04-16 04:20:55","name":"timewheel","caller":"timewheel/timewheel.go:206","message":"submit into slots[0],len:12","op":"submit"}
{"level":"DEBUG","time":"2025-04-16 04:20:55","name":"timewheel","caller":"timewheel/timewheel.go:206","message":"submit into slots[0],len:13","op":"submit"}
{"level":"DEBUG","time":"2025-04-16 04:20:55","name":"timewheel","caller":"timewheel/timewheel.go:206","message":"submit into slots[0],len:14","op":"submit"}
{"level":"DEBUG","time":"2025-04-16 04:20:55","name":"timewheel","caller":"timewheel/timewheel.go:206","message":"submit into slots[0],len:15","op":"submit"}
{"level":"DEBUG","time":"2025-04-16 04:20:55","name":"timewheel","caller":"timewheel/timewheel.go:206","message":"submit into slots[0],len:16","op":"submit"}
{"level":"DEBUG","time":"2025-04-16 04:20:55","name":"timewheel","caller":"timewheel/timewheel.go:206","message":"submit into slots[0],len:17","op":"submit"}
{"level":"INFO","time":"2025-04-16 04:21:02","name":"timewheel","caller":"timewheel/timewheel.go:116","message":"started","op":"start"}
{"level":"DEBUG","time":"2025-04-16 04:21:02","name":"timewheel","caller":"timewheel/timewheel.go:206","message":"submit into slots[0],len:1","op":"submit"}
{"level":"DEBUG","time":"2025-04-16 04:21:02","name":"timewheel","caller":"timewheel/timewheel.go:206","message":"submit into slots[0],len:2","op":"submit"}
{"level":"DEBUG","time":"2025-04-16 04:21:02","name":"timewheel","caller":"timewheel/timewheel.go:206","message":"submit into slots[0],len:3","op":"submit"}
{"level":"DEBUG","time":"2025-04-16 04:21:02","name":"timewheel","caller":"timewheel/timewheel.go:206","message":"submit into slots[0],len:4","op":"submit"}
{"level":"DEBUG","time":"2025-04-16 04:21:02","name":"timewheel","caller":"timewheel/timewheel.go:206","message":"submit into slots[0],len:5","op":"submit"}
{"level":"DEBUG","time":"2025-04-16 04:21:02","name":"timewheel","caller":"timewheel/timewheel.go:206","message":"submit into slots[0],len:6","op":"submit"}
{"level":"DEBUG","time":"2025-04-16 04:21:02","name":"timewheel","caller":"timewheel/timewheel.go:206","message":"submit into slots[0],len:7","op":"submit"}
{"level":"DEBUG","time":"2025-04-16 04:21:02","name":"timewheel","caller":"timewheel/timewheel.go:206","message":"submit into slots[0],len:8","op":"submit"}
{"level":"DEBUG","time":"2025-04-16 04:21:02","name":"timewheel","caller":"timewheel/timewheel.go:206","message":"submit into slots[0],len:9","op":"submit"}
{"level":"DEBUG","time":"2025-04-16 04:21:02","name":"timewheel","caller":"timewheel/timewheel.go:206","message":"submit into slots[0],len:10","op":"submit"}
{"level":"DEBUG","time":"2025-04-16 04:21:02","name":"timewheel","caller":"timewheel/timewheel.go:206","message":"submit into slots[0],len:11","op":"submit"}
{"level":"DEBUG","time":"2025-04-16 04:21:02","name":"timewheel","caller":"timewheel/timewheel.go:206","message":"submit into slots[0],len:12","op":"submit"}
{"level":"DEBUG","time":"2025-04-16 04:21:02","name":"timewheel","caller":"timewheel/timewheel.go:206","message":"submit into slots[0],len:13","op":"submit"}
{"level":"DEBUG","time":"2025-04-16 04:21:02","name":"timewheel","caller":"timewheel/timewheel.go:206","message":"submit into slots[0],len:14","op":"submit"}
{"level":"DEBUG","time":"2025-04-16 04:21:02","name":"timewheel","caller":"timewheel/timewheel.go:206","message":"submit into slots[0],len:15","op":"submit"}
{"level":"DEBUG","time":"2025-04-16 04:21:02","name":"timewheel","caller":"timewheel/timewheel.go:206","message":"submit into slots[0],len:16","op":"submit"}
{"level":"DEBUG","time":"2025-04-16 04:21:02","name":"timewheel","caller":"timewheel/timewheel.go:206","message":"submit into slots[0],len:17","op":"submit"}
{"level":"DEBUG","time":"2025-04-16 04:21:02","name":"timewheel","caller":"timewheel/timewheel.go:206","message":"submit into slots[0],len:18","op":"submit"}
{"level":"DEBUG","time":"2025-04-16 04:21:02","name":"timewheel","caller":"timewheel/timewheel.go:206","message":"submit into slots[0],len:19","op":"submit"}
{"level":"DEBUG","time":"2025-04-16 04:21:02","name":"timewheel","caller":"timewheel/timewheel.go:206","message":"submit into slots[0],len:20","op":"submit"}
{"level":"DEBUG","time":"2025-04-16 04:21:02","name":"timewheel","caller":"timewheel/timewheel.go:206","message":"submit into slots[0],len:21","op":"submit"}
{"level":"DEBUG","time":"2025-04-16 04:21:02","name":"timewheel","caller":"timewheel/timewheel.go:206","message":"submit into slots[0],len:22","op":"submit"}
{"level":"DEBUG","time":"2025-04-16 04:21:02","name":"timewheel","caller":"timewheel/timewheel.go:206","message":"submit into slots[0],len:23","op":"submit"}
{"level":"DEBUG","time":"2025-04-16 04:21:02","name":"timewheel","caller":"timewheel/timewheel.go:206","message":"submit into slots[0],len:24","op":"submit"}
{"level":"DEBUG","time":"2025-04-16 04:21:02","name":"timewheel","caller":"timewheel/timewheel.go:206","message":"submit into slots[0],len:25","op":"submit"}
{"level":"DEBUG","time":"2025-04-16 04:21:02","name":"timewheel","caller":"timewheel/timewheel.go:206","message":"submit into slots[0],len:26","op":"submit"}
{"level":"DEBUG","time":"2025-04-16 04:21:02","name":"timewheel","caller":"timewheel/timewheel.go:206","message":"submit into slots[0],len:27","op":"submit"}
{"level":"DEBUG","time":"2025-04-16 04:21:02","name":"timewheel","caller":"timewheel/timewheel.go:206","message":"submit into slots[0],len:28","op":"submit"}
{"level":"DEBUG","time":"2025-04-16 04:21:02","name":"timewheel","caller":"timewheel/timewheel.go:206","message":"submit into slots[0],len:29","op":"submit"}
{"level":"DEBUG","time":"2025-04-16 04:21:02","name":"timewheel","caller":"timewheel/timewheel.go:206","message":"submit into slots[0],len:30","op":"submit"}
{"level":"DEBUG","time":"2025-04-16 04:21:02","name":"timewheel","caller":"timewheel/timewheel.go:206","message":"submit into slots[0],len:31","op":"submit"}
{"level":"DEBUG","time":"2025-04-16 04:21:02","name":"timewheel","caller":"timewheel/timewheel.go:206","message":"submit into slots[0],len:32","op":"submit"}
{"level":"DEBUG","time":"2025-04-16 04:21:02","name":"timewheel","caller":"timewheel/timewheel.go:206","message":"submit into slots[0],len:33","op":"submit"}
{"level":"DEBUG","time":"2025-04-16 04:21:02","name":"timewheel","caller":"timewheel/timewheel.go:206","message":"submit into slots[0],len:34","op":"submit"}
{"level":"DEBUG","time":"2025-04-16 04:21:02","name":"timewheel","caller":"timewheel/timewheel.go:206","message":"submit into slots[0],len:35","op":"submit"}
{"level":"DEBUG","time":"2025-04-16 04:21:02","name":"timewheel","caller":"timewheel/timewheel.go:206","message":"submit into slots[0],len:36","op":"submit"}
{"level":"DEBUG","time":"2025-04-16 04:21:02","name":"timewheel","caller":"timewheel/timewheel.go:206","message":"submit into slots[0],len:37","op":"submit"}
{"level":"DEBUG","time":"2025-04-16 04:21:02","name":"timewheel","caller":"timewheel/timewheel.go:206","message":"submit into slots[0],len:38","op":"submit"}
{"level":"DEBUG","time":"2025-04-16 04:21:02","name":"timewheel","caller":"timewheel/timewheel.go:206","message":"submit into slots[0],len:39","op":"submit"}
{"level":"DEBUG","time":"2025-04-16 04:21:02","name":"timewheel","caller":"timewheel/timewheel.go:206","message":"submit into slots[0],len:40","op":"submit"}
{"level":"DEBUG","time":"2025-04-16 04:21:02","name":"timewheel","caller":"timewheel/timewheel.go:152","message":"ticking slot[9], now:Apr 16 04:21:02.926, len:0","op":"advance","tick":0.1}
{"level":"DEBUG","time":"2025-04-16 04:21:03","name":"timewheel","caller":"timewheel/timewheel.go:152","message":"ticking slot[10], now:Apr 16 04:21:03.026, len:0","op":"advance","tick":0.1}
{"level":"DEBUG","time":"2025-04-16 04:21:03","name":"timewheel","caller":"timewheel/timewheel.go:152","message":"ticking slot[11], now:Apr 16 04:21:03.126, len:0","op":"advance","tick":0.1}
{"level":"DEBUG","time":"2025-04-16 04:21:03","name":"timewheel","caller":"timewheel/timewheel.go:152","message":"ticking slot[12], now:Apr 16 04:21:03.226, len:0","op":"advance","tick":0.1}
{"level":"DEBUG","time":"2025-04-16 04:21:03","name":"timewheel","caller":"timewheel/timewheel.go:152","message":"ticking slot[13], now:Apr 16 04:21:03.326, len:0","op":"advance","tick":0.1}
{"level":"DEBUG","time":"2025-04-16 04:21:03","name":"timewheel","caller":"timewheel/timewheel.go:152","message":"ticking slot[14], now:Apr 16 04:21:03.426, len:0","op":"advance","tick":0.1}
{"level":"DEBUG","time":"2025-04-16 04:21:03","name":"timewheel","caller":"timewheel/timewheel.go:152","message":"ticking slot[15], now:Apr 16 04:21:03.526, len:0","op":"advance","tick":0.1}
{"level":"DEBUG","time":"2025-04-16 04:21:03","name":"timewheel","caller":"timewheel/timewheel.go:152","message":"ticking slot[16], now:Apr 16 04:21:03.626, len:0","op":"advance","tick":0.1}
{"level":"DEBUG","time":"2025-04-16 04:21:03","name":"timewheel","caller":"timewheel/timewheel.go:152","message":"ticking slot[17], now:Apr 16 04:21:03.726, len:0","op":"advance","tick":0.1}
{"level":"DEBUG","time":"2025-04-16 04:21:03","name":"timewheel","caller":"timewheel/timewheel.go:152","message":"ticking slot[18], now:Apr 16 04:21:03.826, len:0","op":"advance","tick":0.1}
{"level":"DEBUG","time":"2025-04-16 04:21:03","name":"timewheel","caller":"timewheel/timewheel.go:152","message":"ticking slot[19], now:Apr 16 04:21:03.926, len:0","op":"advance","tick":0.1}
{"level":"DEBUG","time":"2025-04-16 04:21:04","name":"timewheel","caller":"timewheel/timewheel.go:152","message":"ticking slot[0], now:Apr 16 04:21:04.026, len:40","op":"advance","tick":0.1}
{"level":"DEBUG","time":"2025-04-16 04:21:04","name":"timewheel","caller":"timewheel/timewheel.go:152","message":"ticking slot[1], now:Apr 16 04:21:04.126, len:0","op":"advance","tick":0.1}
{"level":"DEBUG","time":"2025-04-16 04:21:04","name":"timewheel","caller":"timewheel/timewheel.go:152","message":"ticking slot[2], now:Apr 16 04:21:04.226, len:0","op":"advance","tick":0.1}
{"level":"DEBUG","time":"2025-04-16 04:21:04","name":"timewheel","caller":"timewheel/timewheel.go:152","message":"ticking slot[3], now:Apr 16 04:21:04.326, len:0","op":"advance","tick":0.1}
{"level":"DEBUG","time":"2025-04-16 04:21:04","name":"timewheel","caller":"timewheel/timewheel.go:152","message":"ticking slot[4], now:Apr 16 04:21:04.426, len:0","op":"advance","tick":0.1}
{"level":"DEBUG","time":"2025-04-16 04:21:04","name":"timewheel","caller":"timewheel/timewheel.go:152","message":"ticking slot[5], now:Apr 16 04:21:04.526, len:0","op":"advance","tick":0.1}
{"level":"DEBUG","time":"2025-04-16 04:21:04","name":"timewheel","caller":"timewheel/timewheel.go:152","message":"ticking slot[6], now:Apr 16 04:21:04.626, len:0","op":"advance","tick":0.1}
{"level":"DEBUG","time":"2025-04-16 04:21:04","name":"timewheel","caller":"timewheel/timewheel.go:152","message":"ticking slot[7], now:Apr 16 04:21:04.726, len:0","op":"advance","tick":0.1}
{"level":"DEBUG","time":"2025-04-16 04:21:04","name":"timewheel","caller":"timewheel/timewheel.go:152","message":"ticking slot[8], now:Apr 16 04:21:04.826, len:0","op":"advance","tick":0.1}
{"level":"INFO","time":"2025-04-16 04:21:04","name":"timewheel","caller":"timewheel/timewheel.go:135","message":"closed","op":"close"}
